2022-08-25 17:55:47.9618|Course_project.Program|DEBUG|init main 
2022-08-25 17:55:57.2650|Course_project.Program|DEBUG|init main 
2022-08-25 17:55:58.2768|Microsoft.Extensions.Hosting.Internal.Host|DEBUG|Hosting starting 
2022-08-25 17:55:58.3457|Microsoft.AspNetCore.DataProtection.KeyManagement.XmlKeyManager|INFO|User profile is available. Using 'C:\Users\katiy\AppData\Local\ASP.NET\DataProtection-Keys' as key repository and Windows DPAPI to encrypt keys at rest. 
2022-08-25 17:55:58.3542|Microsoft.AspNetCore.DataProtection.Repositories.FileSystemXmlRepository|DEBUG|Reading data from file 'C:\Users\katiy\AppData\Local\ASP.NET\DataProtection-Keys\key-e6223948-3c1b-456e-b30d-1956394c278e.xml'. 
2022-08-25 17:55:58.3709|Microsoft.AspNetCore.DataProtection.KeyManagement.XmlKeyManager|DEBUG|Found key {e6223948-3c1b-456e-b30d-1956394c278e}. 
2022-08-25 17:55:58.3815|Microsoft.AspNetCore.DataProtection.KeyManagement.DefaultKeyResolver|DEBUG|Considering key {e6223948-3c1b-456e-b30d-1956394c278e} with expiration date 2022-10-27 12:44:34Z as default key. 
2022-08-25 17:55:58.4491|Microsoft.AspNetCore.DataProtection.TypeForwardingActivator|DEBUG|Forwarded activator type request from Microsoft.AspNetCore.DataProtection.XmlEncryption.DpapiXmlDecryptor, Microsoft.AspNetCore.DataProtection, Version=5.0.0.0, Culture=neutral, PublicKeyToken=adb9793829ddae60 to Microsoft.AspNetCore.DataProtection.XmlEncryption.DpapiXmlDecryptor, Microsoft.AspNetCore.DataProtection, Culture=neutral, PublicKeyToken=adb9793829ddae60 
2022-08-25 17:55:58.4491|Microsoft.AspNetCore.DataProtection.XmlEncryption.DpapiXmlDecryptor|DEBUG|Decrypting secret element using Windows DPAPI. 
2022-08-25 17:55:58.4491|Microsoft.AspNetCore.DataProtection.TypeForwardingActivator|DEBUG|Forwarded activator type request from Microsoft.AspNetCore.DataProtection.AuthenticatedEncryption.ConfigurationModel.AuthenticatedEncryptorDescriptorDeserializer, Microsoft.AspNetCore.DataProtection, Version=5.0.0.0, Culture=neutral, PublicKeyToken=adb9793829ddae60 to Microsoft.AspNetCore.DataProtection.AuthenticatedEncryption.ConfigurationModel.AuthenticatedEncryptorDescriptorDeserializer, Microsoft.AspNetCore.DataProtection, Culture=neutral, PublicKeyToken=adb9793829ddae60 
2022-08-25 17:55:58.4491|Microsoft.AspNetCore.DataProtection.AuthenticatedEncryption.CngCbcAuthenticatedEncryptorFactory|DEBUG|Opening CNG algorithm 'AES' from provider '(null)' with chaining mode CBC. 
2022-08-25 17:55:58.4491|Microsoft.AspNetCore.DataProtection.AuthenticatedEncryption.CngCbcAuthenticatedEncryptorFactory|DEBUG|Opening CNG algorithm 'SHA256' from provider '(null)' with HMAC. 
2022-08-25 17:55:58.4491|Microsoft.AspNetCore.DataProtection.KeyManagement.KeyRingProvider|DEBUG|Using key {e6223948-3c1b-456e-b30d-1956394c278e} as the default key. 
2022-08-25 17:55:58.4491|Microsoft.AspNetCore.DataProtection.Internal.DataProtectionHostedService|DEBUG|Key ring with default key {e6223948-3c1b-456e-b30d-1956394c278e} was loaded during application startup. 
2022-08-25 17:55:58.9933|Microsoft.AspNetCore.Hosting.Diagnostics|DEBUG|Loaded hosting startup assembly Course_project 
2022-08-25 17:55:58.9933|Microsoft.AspNetCore.Hosting.Diagnostics|DEBUG|Loaded hosting startup assembly Microsoft.AspNetCore.Watch.BrowserRefresh 
2022-08-25 17:55:58.9933|Microsoft.AspNetCore.Hosting.Diagnostics|DEBUG|Loaded hosting startup assembly Microsoft.WebTools.BrowserLink.Net 
2022-08-25 17:55:58.9933|Microsoft.Hosting.Lifetime|INFO|Application started. Press Ctrl+C to shut down. 
2022-08-25 17:55:58.9933|Microsoft.Hosting.Lifetime|INFO|Hosting environment: Development 
2022-08-25 17:55:58.9933|Microsoft.Hosting.Lifetime|INFO|Content root path: G:\Учёба\3 курс - 2 семестр\Проектирование_информ_систем\Практика\Course_project\Course_project 
2022-08-25 17:55:58.9933|Microsoft.Extensions.Hosting.Internal.Host|DEBUG|Hosting started 
2022-08-25 17:55:59.0340|Microsoft.AspNetCore.Hosting.Diagnostics|INFO|Request starting HTTP/2 GET https://localhost:44366/ - - 
2022-08-25 17:55:59.0628|Microsoft.AspNetCore.HostFiltering.HostFilteringMiddleware|DEBUG|Wildcard detected, all requests with hosts will be allowed. 
2022-08-25 17:55:59.0628|Microsoft.AspNetCore.HostFiltering.HostFilteringMiddleware|TRACE|All hosts are allowed. 
2022-08-25 17:55:59.0628|Microsoft.AspNetCore.StaticFiles.StaticFileMiddleware|DEBUG|The request path / does not match a supported file type 
2022-08-25 17:55:59.0833|Microsoft.AspNetCore.Routing.Matching.DfaMatcher|DEBUG|1 candidate(s) found for the request path '/' 
2022-08-25 17:55:59.0833|Microsoft.AspNetCore.Routing.Matching.DfaMatcher|DEBUG|Endpoint 'Course_project.Controllers.HomeController.Index (Course_project)' with route pattern '{controller=Home}/{action=Index}/{id?}' is valid for the request path '/' 
2022-08-25 17:55:59.0833|Microsoft.AspNetCore.Routing.EndpointRoutingMiddleware|DEBUG|Request matched endpoint 'Course_project.Controllers.HomeController.Index (Course_project)' 
2022-08-25 17:55:59.0833|Microsoft.AspNetCore.Routing.EndpointMiddleware|INFO|Executing endpoint 'Course_project.Controllers.HomeController.Index (Course_project)' 
2022-08-25 17:55:59.0833|Microsoft.AspNetCore.Mvc.ModelBinding.ModelBinderFactory|DEBUG|Registered model binder providers, in the following order: Microsoft.AspNetCore.Mvc.ModelBinding.Binders.BinderTypeModelBinderProvider, Microsoft.AspNetCore.Mvc.ModelBinding.Binders.ServicesModelBinderProvider, Microsoft.AspNetCore.Mvc.ModelBinding.Binders.BodyModelBinderProvider, Microsoft.AspNetCore.Mvc.ModelBinding.Binders.HeaderModelBinderProvider, Microsoft.AspNetCore.Mvc.ModelBinding.Binders.FloatingPointTypeModelBinderProvider, Microsoft.AspNetCore.Mvc.ModelBinding.Binders.EnumTypeModelBinderProvider, Microsoft.AspNetCore.Mvc.ModelBinding.Binders.DateTimeModelBinderProvider, Microsoft.AspNetCore.Mvc.ModelBinding.Binders.SimpleTypeModelBinderProvider, Microsoft.AspNetCore.Mvc.ModelBinding.Binders.CancellationTokenModelBinderProvider, Microsoft.AspNetCore.Mvc.ModelBinding.Binders.ByteArrayModelBinderProvider, Microsoft.AspNetCore.Mvc.ModelBinding.Binders.FormFileModelBinderProvider, Microsoft.AspNetCore.Mvc.ModelBinding.Binders.FormCollectionModelBinderProvider, Microsoft.AspNetCore.Mvc.ModelBinding.Binders.KeyValuePairModelBinderProvider, Microsoft.AspNetCore.Mvc.ModelBinding.Binders.DictionaryModelBinderProvider, Microsoft.AspNetCore.Mvc.ModelBinding.Binders.ArrayModelBinderProvider, Microsoft.AspNetCore.Mvc.ModelBinding.Binders.CollectionModelBinderProvider, Microsoft.AspNetCore.Mvc.ModelBinding.Binders.ComplexObjectModelBinderProvider 
2022-08-25 17:55:59.1164|Microsoft.AspNetCore.Mvc.Infrastructure.ControllerActionInvoker|INFO|Route matched with {action = "Index", controller = "Home"}. Executing controller action with signature Microsoft.AspNetCore.Mvc.IActionResult Index() on controller Course_project.Controllers.HomeController (Course_project). 
2022-08-25 17:55:59.1164|Microsoft.AspNetCore.Mvc.Infrastructure.ControllerActionInvoker|DEBUG|Execution plan of authorization filters (in the following order): None 
2022-08-25 17:55:59.1164|Microsoft.AspNetCore.Mvc.Infrastructure.ControllerActionInvoker|DEBUG|Execution plan of resource filters (in the following order): Microsoft.AspNetCore.Mvc.ViewFeatures.Filters.SaveTempDataFilter 
2022-08-25 17:55:59.1164|Microsoft.AspNetCore.Mvc.Infrastructure.ControllerActionInvoker|DEBUG|Execution plan of action filters (in the following order): Microsoft.AspNetCore.Mvc.Filters.ControllerActionFilter (Order: -2147483648), Microsoft.AspNetCore.Mvc.ModelBinding.UnsupportedContentTypeFilter (Order: -3000) 
2022-08-25 17:55:59.1164|Microsoft.AspNetCore.Mvc.Infrastructure.ControllerActionInvoker|DEBUG|Execution plan of exception filters (in the following order): None 
2022-08-25 17:55:59.1164|Microsoft.AspNetCore.Mvc.Infrastructure.ControllerActionInvoker|DEBUG|Execution plan of result filters (in the following order): Microsoft.AspNetCore.Mvc.ViewFeatures.Filters.SaveTempDataFilter 
2022-08-25 17:55:59.1164|Microsoft.AspNetCore.Mvc.Infrastructure.ControllerActionInvoker|TRACE|Resource Filter: Before executing OnResourceExecuting on filter Microsoft.AspNetCore.Mvc.ViewFeatures.Filters.SaveTempDataFilter. 
2022-08-25 17:55:59.1164|Microsoft.AspNetCore.Mvc.Infrastructure.ControllerActionInvoker|TRACE|Resource Filter: After executing OnResourceExecuting on filter Microsoft.AspNetCore.Mvc.ViewFeatures.Filters.SaveTempDataFilter. 
2022-08-25 17:55:59.1164|Microsoft.AspNetCore.Mvc.Infrastructure.ControllerActionInvoker|DEBUG|Executing controller factory for controller Course_project.Controllers.HomeController (Course_project) 
2022-08-25 17:55:59.1164|Microsoft.AspNetCore.Mvc.Infrastructure.ControllerActionInvoker|DEBUG|Executed controller factory for controller Course_project.Controllers.HomeController (Course_project) 
2022-08-25 17:55:59.1164|Microsoft.AspNetCore.Mvc.Infrastructure.ControllerActionInvoker|TRACE|Action Filter: Before executing OnActionExecutionAsync on filter Microsoft.AspNetCore.Mvc.Filters.ControllerActionFilter. 
2022-08-25 17:55:59.1164|Microsoft.AspNetCore.Mvc.Infrastructure.ControllerActionInvoker|TRACE|Action Filter: Before executing OnActionExecuting on filter Microsoft.AspNetCore.Mvc.ModelBinding.UnsupportedContentTypeFilter. 
2022-08-25 17:55:59.1164|Microsoft.AspNetCore.Mvc.Infrastructure.ControllerActionInvoker|TRACE|Action Filter: After executing OnActionExecuting on filter Microsoft.AspNetCore.Mvc.ModelBinding.UnsupportedContentTypeFilter. 
2022-08-25 17:55:59.1164|Microsoft.AspNetCore.Mvc.Infrastructure.ControllerActionInvoker|INFO|Executing action method Course_project.Controllers.HomeController.Index (Course_project) - Validation state: Valid 
2022-08-25 17:55:59.1577|Microsoft.AspNetCore.Mvc.Infrastructure.ControllerActionInvoker|INFO|Executed action method Course_project.Controllers.HomeController.Index (Course_project), returned result Microsoft.AspNetCore.Mvc.ViewResult in 34.2721ms. 
2022-08-25 17:55:59.1577|Microsoft.AspNetCore.Mvc.Infrastructure.ControllerActionInvoker|TRACE|Action Filter: Before executing OnActionExecuted on filter Microsoft.AspNetCore.Mvc.ModelBinding.UnsupportedContentTypeFilter. 
2022-08-25 17:55:59.1577|Microsoft.AspNetCore.Mvc.Infrastructure.ControllerActionInvoker|TRACE|Action Filter: After executing OnActionExecuted on filter Microsoft.AspNetCore.Mvc.ModelBinding.UnsupportedContentTypeFilter. 
2022-08-25 17:55:59.1577|Microsoft.AspNetCore.Mvc.Infrastructure.ControllerActionInvoker|TRACE|Action Filter: After executing OnActionExecutionAsync on filter Microsoft.AspNetCore.Mvc.Filters.ControllerActionFilter. 
2022-08-25 17:55:59.1577|Microsoft.AspNetCore.Mvc.Infrastructure.ControllerActionInvoker|TRACE|Result Filter: Before executing OnResultExecuting on filter Microsoft.AspNetCore.Mvc.ViewFeatures.Filters.SaveTempDataFilter. 
2022-08-25 17:55:59.1577|Microsoft.AspNetCore.Mvc.Infrastructure.ControllerActionInvoker|TRACE|Result Filter: After executing OnResultExecuting on filter Microsoft.AspNetCore.Mvc.ViewFeatures.Filters.SaveTempDataFilter. 
2022-08-25 17:55:59.1577|Microsoft.AspNetCore.Mvc.Infrastructure.ControllerActionInvoker|TRACE|Before executing action result Microsoft.AspNetCore.Mvc.ViewResult. 
2022-08-25 17:55:59.1603|Microsoft.AspNetCore.Mvc.Razor.Compilation.DefaultViewCompiler|DEBUG|Initializing Razor view compiler with compiled view: '/Views/Home/Index.cshtml'. 
2022-08-25 17:55:59.1603|Microsoft.AspNetCore.Mvc.Razor.Compilation.DefaultViewCompiler|DEBUG|Initializing Razor view compiler with compiled view: '/Views/Home/Privacy.cshtml'. 
2022-08-25 17:55:59.1603|Microsoft.AspNetCore.Mvc.Razor.Compilation.DefaultViewCompiler|DEBUG|Initializing Razor view compiler with compiled view: '/Views/Shared/Error.cshtml'. 
2022-08-25 17:55:59.1603|Microsoft.AspNetCore.Mvc.Razor.Compilation.DefaultViewCompiler|DEBUG|Initializing Razor view compiler with compiled view: '/Views/Shared/_Layout.cshtml'. 
2022-08-25 17:55:59.1603|Microsoft.AspNetCore.Mvc.Razor.Compilation.DefaultViewCompiler|DEBUG|Initializing Razor view compiler with compiled view: '/Views/Shared/_ValidationScriptsPartial.cshtml'. 
2022-08-25 17:55:59.1603|Microsoft.AspNetCore.Mvc.Razor.Compilation.DefaultViewCompiler|DEBUG|Initializing Razor view compiler with compiled view: '/Views/_ViewImports.cshtml'. 
2022-08-25 17:55:59.1603|Microsoft.AspNetCore.Mvc.Razor.Compilation.DefaultViewCompiler|DEBUG|Initializing Razor view compiler with compiled view: '/Views/_ViewStart.cshtml'. 
2022-08-25 17:55:59.1603|Microsoft.AspNetCore.Mvc.Razor.RazorViewEngine|DEBUG|View lookup cache miss for view 'Index' in controller 'Home'. 
2022-08-25 17:55:59.1603|Microsoft.AspNetCore.Mvc.Razor.Compilation.DefaultViewCompiler|TRACE|Located compiled view for view at path '/Views/Home/Index.cshtml'. 
2022-08-25 17:55:59.1603|Microsoft.AspNetCore.Mvc.Razor.Compilation.DefaultViewCompiler|TRACE|Could not find a file for view at path '/Views/Home/_ViewStart.cshtml'. 
2022-08-25 17:55:59.1603|Microsoft.AspNetCore.Mvc.Razor.Compilation.DefaultViewCompiler|TRACE|Located compiled view for view at path '/Views/_ViewStart.cshtml'. 
2022-08-25 17:55:59.1603|Microsoft.AspNetCore.Mvc.Razor.Compilation.DefaultViewCompiler|TRACE|Could not find a file for view at path '/_ViewStart.cshtml'. 
2022-08-25 17:55:59.1603|Microsoft.AspNetCore.Mvc.ViewFeatures.ViewResultExecutor|INFO|Executing ViewResult, running view Index. 
2022-08-25 17:55:59.1603|Microsoft.AspNetCore.Mvc.ViewFeatures.ViewResultExecutor|DEBUG|The view path '/Views/Home/Index.cshtml' was found in 5.8322ms. 
2022-08-25 17:55:59.2261|Microsoft.AspNetCore.Routing.DefaultLinkGenerator|DEBUG|Found the endpoints Route: {controller=Home}/{action=Index}/{id?} for address Microsoft.AspNetCore.Routing.RouteValuesAddress 
2022-08-25 17:55:59.2261|Microsoft.AspNetCore.Routing.DefaultLinkGenerator|DEBUG|Successfully processed template {controller=Home}/{action=Index}/{id?} for Route: {controller=Home}/{action=Index}/{id?} resulting in /Login/Register and  
2022-08-25 17:55:59.2261|Microsoft.AspNetCore.Routing.DefaultLinkGenerator|DEBUG|Link generation succeeded for endpoints Route: {controller=Home}/{action=Index}/{id?} with result /Login/Register 
2022-08-25 17:55:59.2261|Microsoft.AspNetCore.Routing.DefaultLinkGenerator|DEBUG|Found the endpoints Route: {controller=Home}/{action=Index}/{id?} for address Microsoft.AspNetCore.Routing.RouteValuesAddress 
2022-08-25 17:55:59.2261|Microsoft.AspNetCore.Routing.DefaultLinkGenerator|DEBUG|Successfully processed template {controller=Home}/{action=Index}/{id?} for Route: {controller=Home}/{action=Index}/{id?} resulting in /Account/GetUser and  
2022-08-25 17:55:59.2261|Microsoft.AspNetCore.Routing.DefaultLinkGenerator|DEBUG|Link generation succeeded for endpoints Route: {controller=Home}/{action=Index}/{id?} with result /Account/GetUser 
2022-08-25 17:55:59.2412|Microsoft.AspNetCore.Mvc.Razor.RazorViewEngine|DEBUG|View lookup cache miss for view '_Layout' in controller 'Home'. 
2022-08-25 17:55:59.2412|Microsoft.AspNetCore.Mvc.Razor.Compilation.DefaultViewCompiler|TRACE|Could not find a file for view at path '/Views/Home/_Layout.cshtml'. 
2022-08-25 17:55:59.2412|Microsoft.AspNetCore.Mvc.Razor.Compilation.DefaultViewCompiler|TRACE|Located compiled view for view at path '/Views/Shared/_Layout.cshtml'. 
2022-08-25 17:55:59.2412|Microsoft.AspNetCore.Routing.DefaultLinkGenerator|DEBUG|Found the endpoints Route: {controller=Home}/{action=Index}/{id?} for address Microsoft.AspNetCore.Routing.RouteValuesAddress 
2022-08-25 17:55:59.2412|Microsoft.AspNetCore.Routing.DefaultLinkGenerator|DEBUG|Successfully processed template {controller=Home}/{action=Index}/{id?} for Route: {controller=Home}/{action=Index}/{id?} resulting in  and  
2022-08-25 17:55:59.2412|Microsoft.AspNetCore.Routing.DefaultLinkGenerator|DEBUG|Link generation succeeded for endpoints Route: {controller=Home}/{action=Index}/{id?} with result / 
2022-08-25 17:55:59.2412|Microsoft.AspNetCore.Routing.DefaultLinkGenerator|DEBUG|Found the endpoints Route: {controller=Home}/{action=Index}/{id?} for address Microsoft.AspNetCore.Routing.RouteValuesAddress 
2022-08-25 17:55:59.2412|Microsoft.AspNetCore.Routing.DefaultLinkGenerator|DEBUG|Successfully processed template {controller=Home}/{action=Index}/{id?} for Route: {controller=Home}/{action=Index}/{id?} resulting in  and  
2022-08-25 17:55:59.2412|Microsoft.AspNetCore.Routing.DefaultLinkGenerator|DEBUG|Link generation succeeded for endpoints Route: {controller=Home}/{action=Index}/{id?} with result / 
2022-08-25 17:55:59.2412|Microsoft.AspNetCore.Routing.DefaultLinkGenerator|DEBUG|Found the endpoints Route: {controller=Home}/{action=Index}/{id?} for address Microsoft.AspNetCore.Routing.RouteValuesAddress 
2022-08-25 17:55:59.2412|Microsoft.AspNetCore.Routing.DefaultLinkGenerator|DEBUG|Successfully processed template {controller=Home}/{action=Index}/{id?} for Route: {controller=Home}/{action=Index}/{id?} resulting in /Home/Privacy and  
2022-08-25 17:55:59.2412|Microsoft.AspNetCore.Routing.DefaultLinkGenerator|DEBUG|Link generation succeeded for endpoints Route: {controller=Home}/{action=Index}/{id?} with result /Home/Privacy 
2022-08-25 17:55:59.3414|Microsoft.AspNetCore.Mvc.ViewFeatures.ViewResultExecutor|INFO|Executed ViewResult - view Index executed in 176.2888ms. 
2022-08-25 17:55:59.3414|Microsoft.AspNetCore.Mvc.Infrastructure.ControllerActionInvoker|TRACE|After executing action result Microsoft.AspNetCore.Mvc.ViewResult. 
2022-08-25 17:55:59.3414|Microsoft.AspNetCore.Mvc.Infrastructure.ControllerActionInvoker|TRACE|Result Filter: Before executing OnResultExecuted on filter Microsoft.AspNetCore.Mvc.ViewFeatures.Filters.SaveTempDataFilter. 
2022-08-25 17:55:59.3414|Microsoft.AspNetCore.Mvc.Infrastructure.ControllerActionInvoker|TRACE|Result Filter: After executing OnResultExecuted on filter Microsoft.AspNetCore.Mvc.ViewFeatures.Filters.SaveTempDataFilter. 
2022-08-25 17:55:59.3414|Microsoft.AspNetCore.Mvc.Infrastructure.ControllerActionInvoker|TRACE|Resource Filter: Before executing OnResourceExecuted on filter Microsoft.AspNetCore.Mvc.ViewFeatures.Filters.SaveTempDataFilter. 
2022-08-25 17:55:59.3414|Microsoft.AspNetCore.Mvc.Infrastructure.ControllerActionInvoker|TRACE|Resource Filter: After executing OnResourceExecuted on filter Microsoft.AspNetCore.Mvc.ViewFeatures.Filters.SaveTempDataFilter. 
2022-08-25 17:55:59.3414|Microsoft.AspNetCore.Mvc.Infrastructure.ControllerActionInvoker|INFO|Executed action Course_project.Controllers.HomeController.Index (Course_project) in 226.4492ms 
2022-08-25 17:55:59.3414|Microsoft.AspNetCore.Routing.EndpointMiddleware|INFO|Executed endpoint 'Course_project.Controllers.HomeController.Index (Course_project)' 
2022-08-25 17:55:59.3714|Microsoft.AspNetCore.Watch.BrowserRefresh.BrowserRefreshMiddleware|DEBUG|Response markup is scheduled to include browser refresh script injection. 
2022-08-25 17:55:59.3830|Microsoft.AspNetCore.Watch.BrowserRefresh.BrowserRefreshMiddleware|DEBUG|Response markup was updated to include browser refresh script injection. 
2022-08-25 17:55:59.3830|Microsoft.AspNetCore.Server.IIS.Core.IISHttpServer|DEBUG|Connection ID "18374686502757072898" disconnecting. 
2022-08-25 17:55:59.3830|Microsoft.AspNetCore.Hosting.Diagnostics|INFO|Request finished HTTP/2 GET https://localhost:44366/ - - - 200 - text/html;+charset=utf-8 352.6606ms 
2022-08-25 17:55:59.4281|Microsoft.AspNetCore.Hosting.Diagnostics|INFO|Request starting HTTP/2 GET https://localhost:44366/lib/bootstrap/dist/css/bootstrap.min.css - - 
2022-08-25 17:55:59.4281|Microsoft.AspNetCore.HostFiltering.HostFilteringMiddleware|TRACE|All hosts are allowed. 
2022-08-25 17:55:59.4281|Microsoft.AspNetCore.Hosting.Diagnostics|INFO|Request starting HTTP/2 GET https://localhost:44366/_framework/aspnetcore-browser-refresh.js - - 
2022-08-25 17:55:59.4281|Microsoft.AspNetCore.Hosting.Diagnostics|INFO|Request starting HTTP/2 GET https://localhost:44366/css/card.css - - 
2022-08-25 17:55:59.4281|Microsoft.AspNetCore.HostFiltering.HostFilteringMiddleware|TRACE|All hosts are allowed. 
2022-08-25 17:55:59.4281|Microsoft.AspNetCore.StaticFiles.StaticFileMiddleware|DEBUG|The request path /css/card.css does not match an existing file 
2022-08-25 17:55:59.4281|Microsoft.AspNetCore.Hosting.Diagnostics|INFO|Request starting HTTP/2 GET https://localhost:44366/js/site.js?v=4q1jwFhaPaZgr8WAUSrux6hAuh0XDg9kPS3xIVq36I0 - - 
2022-08-25 17:55:59.4281|Microsoft.AspNetCore.Routing.Matching.DfaMatcher|DEBUG|No candidates found for the request path '/css/card.css' 
2022-08-25 17:55:59.4281|Microsoft.AspNetCore.HostFiltering.HostFilteringMiddleware|TRACE|All hosts are allowed. 
2022-08-25 17:55:59.4281|Microsoft.AspNetCore.Routing.EndpointRoutingMiddleware|DEBUG|Request did not match any endpoints 
2022-08-25 17:55:59.4281|Microsoft.AspNetCore.Hosting.Diagnostics|INFO|Request starting HTTP/2 GET https://localhost:44366/lib/bootstrap/dist/js/bootstrap.bundle.min.js - - 
2022-08-25 17:55:59.4281|Microsoft.AspNetCore.Hosting.Diagnostics|INFO|Request starting HTTP/2 GET https://localhost:44366/_vs/browserLink - - 
2022-08-25 17:55:59.4281|Microsoft.AspNetCore.HostFiltering.HostFilteringMiddleware|TRACE|All hosts are allowed. 
2022-08-25 17:55:59.4281|Microsoft.AspNetCore.Hosting.Diagnostics|INFO|Request starting HTTP/2 GET https://localhost:44366/lib/jquery/dist/jquery.min.js - - 
2022-08-25 17:55:59.4281|Microsoft.AspNetCore.HostFiltering.HostFilteringMiddleware|TRACE|All hosts are allowed. 
2022-08-25 17:55:59.4281|Microsoft.AspNetCore.StaticFiles.StaticFileMiddleware|TRACE|Range header's value is empty. 
2022-08-25 17:55:59.4281|Microsoft.AspNetCore.StaticFiles.StaticFileMiddleware|TRACE|Range header's value is empty. 
2022-08-25 17:55:59.4281|Microsoft.AspNetCore.StaticFiles.StaticFileMiddleware|TRACE|Range header's value is empty. 
2022-08-25 17:55:59.4281|Microsoft.AspNetCore.StaticFiles.StaticFileMiddleware|TRACE|Range header's value is empty. 
2022-08-25 17:55:59.4281|Microsoft.AspNetCore.StaticFiles.StaticFileMiddleware|INFO|The file /lib/bootstrap/dist/js/bootstrap.bundle.min.js was not modified 
2022-08-25 17:55:59.4281|Microsoft.AspNetCore.StaticFiles.StaticFileMiddleware|INFO|The file /lib/bootstrap/dist/css/bootstrap.min.css was not modified 
2022-08-25 17:55:59.4281|Microsoft.AspNetCore.StaticFiles.StaticFileMiddleware|INFO|The file /lib/jquery/dist/jquery.min.js was not modified 
2022-08-25 17:55:59.4281|Microsoft.AspNetCore.Hosting.Diagnostics|INFO|Request starting HTTP/2 GET https://localhost:44366/css/paragraph.css - - 
2022-08-25 17:55:59.4281|Microsoft.AspNetCore.HostFiltering.HostFilteringMiddleware|TRACE|All hosts are allowed. 
2022-08-25 17:55:59.4281|Microsoft.AspNetCore.StaticFiles.StaticFileMiddleware|DEBUG|The request path /css/paragraph.css does not match an existing file 
2022-08-25 17:55:59.4281|Microsoft.AspNetCore.Routing.Matching.DfaMatcher|DEBUG|No candidates found for the request path '/css/paragraph.css' 
2022-08-25 17:55:59.4281|Microsoft.AspNetCore.Routing.EndpointRoutingMiddleware|DEBUG|Request did not match any endpoints 
2022-08-25 17:55:59.4281|Microsoft.AspNetCore.StaticFiles.StaticFileMiddleware|DEBUG|Handled. Status code: 304 File: /lib/bootstrap/dist/css/bootstrap.min.css 
2022-08-25 17:55:59.4281|Microsoft.AspNetCore.StaticFiles.StaticFileMiddleware|INFO|The file /js/site.js was not modified 
2022-08-25 17:55:59.4281|Microsoft.AspNetCore.StaticFiles.StaticFileMiddleware|DEBUG|Handled. Status code: 304 File: /js/site.js 
2022-08-25 17:55:59.4281|Microsoft.AspNetCore.Hosting.Diagnostics|INFO|Request starting HTTP/2 GET https://localhost:44366/css/site.css - - 
2022-08-25 17:55:59.4281|Microsoft.AspNetCore.HostFiltering.HostFilteringMiddleware|TRACE|All hosts are allowed. 
2022-08-25 17:55:59.4281|Microsoft.AspNetCore.Hosting.Diagnostics|INFO|Request finished HTTP/2 GET https://localhost:44366/lib/bootstrap/dist/css/bootstrap.min.css - - - 304 - text/css 5.3234ms 
2022-08-25 17:55:59.4281|Microsoft.AspNetCore.Hosting.Diagnostics|INFO|Request finished HTTP/2 GET https://localhost:44366/js/site.js?v=4q1jwFhaPaZgr8WAUSrux6hAuh0XDg9kPS3xIVq36I0 - - - 304 - application/javascript 3.0020ms 
2022-08-25 17:55:59.4281|Microsoft.AspNetCore.StaticFiles.StaticFileMiddleware|TRACE|Range header's value is empty. 
2022-08-25 17:55:59.4281|Microsoft.AspNetCore.StaticFiles.StaticFileMiddleware|INFO|The file /css/site.css was not modified 
2022-08-25 17:55:59.4281|Microsoft.AspNetCore.StaticFiles.StaticFileMiddleware|DEBUG|Handled. Status code: 304 File: /css/site.css 
2022-08-25 17:55:59.4281|Microsoft.AspNetCore.Hosting.Diagnostics|INFO|Request finished HTTP/2 GET https://localhost:44366/css/site.css - - - 304 - text/css 0.2894ms 
2022-08-25 17:55:59.4281|Microsoft.AspNetCore.Hosting.Diagnostics|INFO|Request finished HTTP/2 GET https://localhost:44366/css/paragraph.css - - - 404 - - 1.1178ms 
2022-08-25 17:55:59.4281|Microsoft.AspNetCore.StaticFiles.StaticFileMiddleware|DEBUG|Handled. Status code: 304 File: /lib/jquery/dist/jquery.min.js 
2022-08-25 17:55:59.4281|Microsoft.AspNetCore.Hosting.Diagnostics|INFO|Request finished HTTP/2 GET https://localhost:44366/lib/jquery/dist/jquery.min.js - - - 304 - application/javascript 2.6410ms 
2022-08-25 17:55:59.4281|Microsoft.AspNetCore.StaticFiles.StaticFileMiddleware|DEBUG|Handled. Status code: 304 File: /lib/bootstrap/dist/js/bootstrap.bundle.min.js 
2022-08-25 17:55:59.4281|Microsoft.AspNetCore.Hosting.Diagnostics|INFO|Request finished HTTP/2 GET https://localhost:44366/css/card.css - - - 404 - - 5.3199ms 
2022-08-25 17:55:59.4281|Microsoft.AspNetCore.Hosting.Diagnostics|INFO|Request finished HTTP/2 GET https://localhost:44366/lib/bootstrap/dist/js/bootstrap.bundle.min.js - - - 304 - application/javascript 3.1989ms 
2022-08-25 17:55:59.4281|Microsoft.AspNetCore.Server.IIS.Core.IISHttpServer|DEBUG|Connection ID "18374686481282236423" disconnecting. 
2022-08-25 17:55:59.4281|Microsoft.AspNetCore.Hosting.Diagnostics|INFO|Request finished HTTP/2 GET https://localhost:44366/_framework/aspnetcore-browser-refresh.js - - - 200 11998 application/javascript;+charset=utf-8 7.4598ms 
2022-08-25 17:55:59.4885|Microsoft.AspNetCore.Server.IIS.Core.IISHttpServer|DEBUG|Connection ID "18086456118015426561" disconnecting. 
2022-08-25 17:55:59.4885|Microsoft.AspNetCore.Hosting.Diagnostics|INFO|Request finished HTTP/2 GET https://localhost:44366/_vs/browserLink - - - 200 - text/javascript;+charset=UTF-8 57.3167ms 
2022-08-25 17:55:59.6405|Microsoft.AspNetCore.Hosting.Diagnostics|INFO|Request starting HTTP/2 GET https://localhost:44366/favicon.ico - - 
2022-08-25 17:55:59.6405|Microsoft.AspNetCore.HostFiltering.HostFilteringMiddleware|TRACE|All hosts are allowed. 
2022-08-25 17:55:59.6405|Microsoft.AspNetCore.StaticFiles.StaticFileMiddleware|TRACE|Range header's value is empty. 
2022-08-25 17:55:59.6405|Microsoft.AspNetCore.StaticFiles.StaticFileMiddleware|INFO|The file /favicon.ico was not modified 
2022-08-25 17:55:59.6405|Microsoft.AspNetCore.StaticFiles.StaticFileMiddleware|DEBUG|Handled. Status code: 304 File: /favicon.ico 
2022-08-25 17:55:59.6405|Microsoft.AspNetCore.Hosting.Diagnostics|INFO|Request finished HTTP/2 GET https://localhost:44366/favicon.ico - - - 304 - image/x-icon 0.4211ms 
2022-08-25 23:47:48.8734|Course_project.Program|DEBUG|init main 
2022-08-25 23:48:01.2546|Microsoft.Extensions.Hosting.Internal.Host|DEBUG|Hosting starting 
2022-08-25 23:48:01.3690|Microsoft.AspNetCore.DataProtection.KeyManagement.XmlKeyManager|INFO|User profile is available. Using 'C:\Users\katiy\AppData\Local\ASP.NET\DataProtection-Keys' as key repository and Windows DPAPI to encrypt keys at rest. 
2022-08-25 23:48:01.3921|Microsoft.AspNetCore.DataProtection.Repositories.FileSystemXmlRepository|DEBUG|Reading data from file 'C:\Users\katiy\AppData\Local\ASP.NET\DataProtection-Keys\key-e6223948-3c1b-456e-b30d-1956394c278e.xml'. 
2022-08-25 23:48:01.4306|Microsoft.AspNetCore.DataProtection.KeyManagement.XmlKeyManager|DEBUG|Found key {e6223948-3c1b-456e-b30d-1956394c278e}. 
2022-08-25 23:48:01.4911|Microsoft.AspNetCore.DataProtection.KeyManagement.DefaultKeyResolver|DEBUG|Considering key {e6223948-3c1b-456e-b30d-1956394c278e} with expiration date 2022-10-27 12:44:34Z as default key. 
2022-08-25 23:48:01.6481|Microsoft.AspNetCore.DataProtection.TypeForwardingActivator|DEBUG|Forwarded activator type request from Microsoft.AspNetCore.DataProtection.XmlEncryption.DpapiXmlDecryptor, Microsoft.AspNetCore.DataProtection, Version=5.0.0.0, Culture=neutral, PublicKeyToken=adb9793829ddae60 to Microsoft.AspNetCore.DataProtection.XmlEncryption.DpapiXmlDecryptor, Microsoft.AspNetCore.DataProtection, Culture=neutral, PublicKeyToken=adb9793829ddae60 
2022-08-25 23:48:01.6481|Microsoft.AspNetCore.DataProtection.XmlEncryption.DpapiXmlDecryptor|DEBUG|Decrypting secret element using Windows DPAPI. 
2022-08-25 23:48:01.6481|Microsoft.AspNetCore.DataProtection.TypeForwardingActivator|DEBUG|Forwarded activator type request from Microsoft.AspNetCore.DataProtection.AuthenticatedEncryption.ConfigurationModel.AuthenticatedEncryptorDescriptorDeserializer, Microsoft.AspNetCore.DataProtection, Version=5.0.0.0, Culture=neutral, PublicKeyToken=adb9793829ddae60 to Microsoft.AspNetCore.DataProtection.AuthenticatedEncryption.ConfigurationModel.AuthenticatedEncryptorDescriptorDeserializer, Microsoft.AspNetCore.DataProtection, Culture=neutral, PublicKeyToken=adb9793829ddae60 
2022-08-25 23:48:01.6481|Microsoft.AspNetCore.DataProtection.AuthenticatedEncryption.CngCbcAuthenticatedEncryptorFactory|DEBUG|Opening CNG algorithm 'AES' from provider '(null)' with chaining mode CBC. 
2022-08-25 23:48:01.6481|Microsoft.AspNetCore.DataProtection.AuthenticatedEncryption.CngCbcAuthenticatedEncryptorFactory|DEBUG|Opening CNG algorithm 'SHA256' from provider '(null)' with HMAC. 
2022-08-25 23:48:01.6481|Microsoft.AspNetCore.DataProtection.KeyManagement.KeyRingProvider|DEBUG|Using key {e6223948-3c1b-456e-b30d-1956394c278e} as the default key. 
2022-08-25 23:48:01.6481|Microsoft.AspNetCore.DataProtection.Internal.DataProtectionHostedService|DEBUG|Key ring with default key {e6223948-3c1b-456e-b30d-1956394c278e} was loaded during application startup. 
2022-08-25 23:48:02.3281|Microsoft.AspNetCore.Hosting.Diagnostics|DEBUG|Loaded hosting startup assembly Course_project 
2022-08-25 23:48:02.3281|Microsoft.AspNetCore.Hosting.Diagnostics|DEBUG|Loaded hosting startup assembly Microsoft.AspNetCore.Watch.BrowserRefresh 
2022-08-25 23:48:02.3281|Microsoft.AspNetCore.Hosting.Diagnostics|DEBUG|Loaded hosting startup assembly Microsoft.WebTools.BrowserLink.Net 
2022-08-25 23:48:02.3281|Microsoft.Hosting.Lifetime|INFO|Application started. Press Ctrl+C to shut down. 
2022-08-25 23:48:02.3281|Microsoft.Hosting.Lifetime|INFO|Hosting environment: Development 
2022-08-25 23:48:02.3281|Microsoft.Hosting.Lifetime|INFO|Content root path: G:\Учёба\3 курс - 2 семестр\Проектирование_информ_систем\Практика\Course_project\Course_project 
2022-08-25 23:48:02.3281|Microsoft.Extensions.Hosting.Internal.Host|DEBUG|Hosting started 
2022-08-25 23:48:02.3875|Microsoft.AspNetCore.Hosting.Diagnostics|INFO|Request starting HTTP/2 GET https://localhost:44366/ - - 
2022-08-25 23:48:02.4242|Microsoft.AspNetCore.HostFiltering.HostFilteringMiddleware|DEBUG|Wildcard detected, all requests with hosts will be allowed. 
2022-08-25 23:48:02.4242|Microsoft.AspNetCore.HostFiltering.HostFilteringMiddleware|TRACE|All hosts are allowed. 
2022-08-25 23:48:02.4242|Microsoft.AspNetCore.StaticFiles.StaticFileMiddleware|DEBUG|The request path / does not match a supported file type 
2022-08-25 23:48:02.4472|Microsoft.AspNetCore.Routing.Matching.DfaMatcher|DEBUG|1 candidate(s) found for the request path '/' 
2022-08-25 23:48:02.4472|Microsoft.AspNetCore.Routing.Matching.DfaMatcher|DEBUG|Endpoint 'Course_project.Controllers.HomeController.Index (Course_project)' with route pattern '{controller=Home}/{action=Index}/{id?}' is valid for the request path '/' 
2022-08-25 23:48:02.4472|Microsoft.AspNetCore.Routing.EndpointRoutingMiddleware|DEBUG|Request matched endpoint 'Course_project.Controllers.HomeController.Index (Course_project)' 
2022-08-25 23:48:02.4472|Microsoft.AspNetCore.Routing.EndpointMiddleware|INFO|Executing endpoint 'Course_project.Controllers.HomeController.Index (Course_project)' 
2022-08-25 23:48:02.4472|Microsoft.AspNetCore.Mvc.ModelBinding.ModelBinderFactory|DEBUG|Registered model binder providers, in the following order: Microsoft.AspNetCore.Mvc.ModelBinding.Binders.BinderTypeModelBinderProvider, Microsoft.AspNetCore.Mvc.ModelBinding.Binders.ServicesModelBinderProvider, Microsoft.AspNetCore.Mvc.ModelBinding.Binders.BodyModelBinderProvider, Microsoft.AspNetCore.Mvc.ModelBinding.Binders.HeaderModelBinderProvider, Microsoft.AspNetCore.Mvc.ModelBinding.Binders.FloatingPointTypeModelBinderProvider, Microsoft.AspNetCore.Mvc.ModelBinding.Binders.EnumTypeModelBinderProvider, Microsoft.AspNetCore.Mvc.ModelBinding.Binders.DateTimeModelBinderProvider, Microsoft.AspNetCore.Mvc.ModelBinding.Binders.SimpleTypeModelBinderProvider, Microsoft.AspNetCore.Mvc.ModelBinding.Binders.CancellationTokenModelBinderProvider, Microsoft.AspNetCore.Mvc.ModelBinding.Binders.ByteArrayModelBinderProvider, Microsoft.AspNetCore.Mvc.ModelBinding.Binders.FormFileModelBinderProvider, Microsoft.AspNetCore.Mvc.ModelBinding.Binders.FormCollectionModelBinderProvider, Microsoft.AspNetCore.Mvc.ModelBinding.Binders.KeyValuePairModelBinderProvider, Microsoft.AspNetCore.Mvc.ModelBinding.Binders.DictionaryModelBinderProvider, Microsoft.AspNetCore.Mvc.ModelBinding.Binders.ArrayModelBinderProvider, Microsoft.AspNetCore.Mvc.ModelBinding.Binders.CollectionModelBinderProvider, Microsoft.AspNetCore.Mvc.ModelBinding.Binders.ComplexObjectModelBinderProvider 
2022-08-25 23:48:02.4953|Microsoft.AspNetCore.Mvc.Infrastructure.ControllerActionInvoker|INFO|Route matched with {action = "Index", controller = "Home"}. Executing controller action with signature Microsoft.AspNetCore.Mvc.IActionResult Index() on controller Course_project.Controllers.HomeController (Course_project). 
2022-08-25 23:48:02.4953|Microsoft.AspNetCore.Mvc.Infrastructure.ControllerActionInvoker|DEBUG|Execution plan of authorization filters (in the following order): None 
2022-08-25 23:48:02.4953|Microsoft.AspNetCore.Mvc.Infrastructure.ControllerActionInvoker|DEBUG|Execution plan of resource filters (in the following order): Microsoft.AspNetCore.Mvc.ViewFeatures.Filters.SaveTempDataFilter 
2022-08-25 23:48:02.4953|Microsoft.AspNetCore.Mvc.Infrastructure.ControllerActionInvoker|DEBUG|Execution plan of action filters (in the following order): Microsoft.AspNetCore.Mvc.Filters.ControllerActionFilter (Order: -2147483648), Microsoft.AspNetCore.Mvc.ModelBinding.UnsupportedContentTypeFilter (Order: -3000) 
2022-08-25 23:48:02.4953|Microsoft.AspNetCore.Mvc.Infrastructure.ControllerActionInvoker|DEBUG|Execution plan of exception filters (in the following order): None 
2022-08-25 23:48:02.4953|Microsoft.AspNetCore.Mvc.Infrastructure.ControllerActionInvoker|DEBUG|Execution plan of result filters (in the following order): Microsoft.AspNetCore.Mvc.ViewFeatures.Filters.SaveTempDataFilter 
2022-08-25 23:48:02.4953|Microsoft.AspNetCore.Mvc.Infrastructure.ControllerActionInvoker|TRACE|Resource Filter: Before executing OnResourceExecuting on filter Microsoft.AspNetCore.Mvc.ViewFeatures.Filters.SaveTempDataFilter. 
2022-08-25 23:48:02.4953|Microsoft.AspNetCore.Mvc.Infrastructure.ControllerActionInvoker|TRACE|Resource Filter: After executing OnResourceExecuting on filter Microsoft.AspNetCore.Mvc.ViewFeatures.Filters.SaveTempDataFilter. 
2022-08-25 23:48:02.4953|Microsoft.AspNetCore.Mvc.Infrastructure.ControllerActionInvoker|DEBUG|Executing controller factory for controller Course_project.Controllers.HomeController (Course_project) 
2022-08-25 23:48:02.4953|Microsoft.AspNetCore.Mvc.Infrastructure.ControllerActionInvoker|DEBUG|Executed controller factory for controller Course_project.Controllers.HomeController (Course_project) 
2022-08-25 23:48:02.4953|Microsoft.AspNetCore.Mvc.Infrastructure.ControllerActionInvoker|TRACE|Action Filter: Before executing OnActionExecutionAsync on filter Microsoft.AspNetCore.Mvc.Filters.ControllerActionFilter. 
2022-08-25 23:48:02.4953|Microsoft.AspNetCore.Mvc.Infrastructure.ControllerActionInvoker|TRACE|Action Filter: Before executing OnActionExecuting on filter Microsoft.AspNetCore.Mvc.ModelBinding.UnsupportedContentTypeFilter. 
2022-08-25 23:48:02.4953|Microsoft.AspNetCore.Mvc.Infrastructure.ControllerActionInvoker|TRACE|Action Filter: After executing OnActionExecuting on filter Microsoft.AspNetCore.Mvc.ModelBinding.UnsupportedContentTypeFilter. 
2022-08-25 23:48:02.4953|Microsoft.AspNetCore.Mvc.Infrastructure.ControllerActionInvoker|INFO|Executing action method Course_project.Controllers.HomeController.Index (Course_project) - Validation state: Valid 
2022-08-25 23:48:02.5465|Microsoft.AspNetCore.Mvc.Infrastructure.ControllerActionInvoker|INFO|Executed action method Course_project.Controllers.HomeController.Index (Course_project), returned result Microsoft.AspNetCore.Mvc.ViewResult in 43.3766ms. 
2022-08-25 23:48:02.5465|Microsoft.AspNetCore.Mvc.Infrastructure.ControllerActionInvoker|TRACE|Action Filter: Before executing OnActionExecuted on filter Microsoft.AspNetCore.Mvc.ModelBinding.UnsupportedContentTypeFilter. 
2022-08-25 23:48:02.5465|Microsoft.AspNetCore.Mvc.Infrastructure.ControllerActionInvoker|TRACE|Action Filter: After executing OnActionExecuted on filter Microsoft.AspNetCore.Mvc.ModelBinding.UnsupportedContentTypeFilter. 
2022-08-25 23:48:02.5465|Microsoft.AspNetCore.Mvc.Infrastructure.ControllerActionInvoker|TRACE|Action Filter: After executing OnActionExecutionAsync on filter Microsoft.AspNetCore.Mvc.Filters.ControllerActionFilter. 
2022-08-25 23:48:02.5465|Microsoft.AspNetCore.Mvc.Infrastructure.ControllerActionInvoker|TRACE|Result Filter: Before executing OnResultExecuting on filter Microsoft.AspNetCore.Mvc.ViewFeatures.Filters.SaveTempDataFilter. 
2022-08-25 23:48:02.5465|Microsoft.AspNetCore.Mvc.Infrastructure.ControllerActionInvoker|TRACE|Result Filter: After executing OnResultExecuting on filter Microsoft.AspNetCore.Mvc.ViewFeatures.Filters.SaveTempDataFilter. 
2022-08-25 23:48:02.5465|Microsoft.AspNetCore.Mvc.Infrastructure.ControllerActionInvoker|TRACE|Before executing action result Microsoft.AspNetCore.Mvc.ViewResult. 
2022-08-25 23:48:02.5465|Microsoft.AspNetCore.Mvc.Razor.Compilation.DefaultViewCompiler|DEBUG|Initializing Razor view compiler with compiled view: '/Views/Home/Index.cshtml'. 
2022-08-25 23:48:02.5465|Microsoft.AspNetCore.Mvc.Razor.Compilation.DefaultViewCompiler|DEBUG|Initializing Razor view compiler with compiled view: '/Views/Home/Privacy.cshtml'. 
2022-08-25 23:48:02.5465|Microsoft.AspNetCore.Mvc.Razor.Compilation.DefaultViewCompiler|DEBUG|Initializing Razor view compiler with compiled view: '/Views/Shared/Error.cshtml'. 
2022-08-25 23:48:02.5465|Microsoft.AspNetCore.Mvc.Razor.Compilation.DefaultViewCompiler|DEBUG|Initializing Razor view compiler with compiled view: '/Views/Shared/_Layout.cshtml'. 
2022-08-25 23:48:02.5465|Microsoft.AspNetCore.Mvc.Razor.Compilation.DefaultViewCompiler|DEBUG|Initializing Razor view compiler with compiled view: '/Views/Shared/_ValidationScriptsPartial.cshtml'. 
2022-08-25 23:48:02.5465|Microsoft.AspNetCore.Mvc.Razor.Compilation.DefaultViewCompiler|DEBUG|Initializing Razor view compiler with compiled view: '/Views/_ViewImports.cshtml'. 
2022-08-25 23:48:02.5465|Microsoft.AspNetCore.Mvc.Razor.Compilation.DefaultViewCompiler|DEBUG|Initializing Razor view compiler with compiled view: '/Views/_ViewStart.cshtml'. 
2022-08-25 23:48:02.5576|Microsoft.AspNetCore.Mvc.Razor.RazorViewEngine|DEBUG|View lookup cache miss for view 'Index' in controller 'Home'. 
2022-08-25 23:48:02.5576|Microsoft.AspNetCore.Mvc.Razor.Compilation.DefaultViewCompiler|TRACE|Located compiled view for view at path '/Views/Home/Index.cshtml'. 
2022-08-25 23:48:02.5576|Microsoft.AspNetCore.Mvc.Razor.Compilation.DefaultViewCompiler|TRACE|Could not find a file for view at path '/Views/Home/_ViewStart.cshtml'. 
2022-08-25 23:48:02.5576|Microsoft.AspNetCore.Mvc.Razor.Compilation.DefaultViewCompiler|TRACE|Located compiled view for view at path '/Views/_ViewStart.cshtml'. 
2022-08-25 23:48:02.5576|Microsoft.AspNetCore.Mvc.Razor.Compilation.DefaultViewCompiler|TRACE|Could not find a file for view at path '/_ViewStart.cshtml'. 
2022-08-25 23:48:02.5576|Microsoft.AspNetCore.Mvc.ViewFeatures.ViewResultExecutor|INFO|Executing ViewResult, running view Index. 
2022-08-25 23:48:02.5576|Microsoft.AspNetCore.Mvc.ViewFeatures.ViewResultExecutor|DEBUG|The view path '/Views/Home/Index.cshtml' was found in 6.8638ms. 
2022-08-25 23:48:02.6316|Microsoft.AspNetCore.Routing.DefaultLinkGenerator|DEBUG|Found the endpoints Route: {controller=Home}/{action=Index}/{id?} for address Microsoft.AspNetCore.Routing.RouteValuesAddress 
2022-08-25 23:48:02.6316|Microsoft.AspNetCore.Routing.DefaultLinkGenerator|DEBUG|Successfully processed template {controller=Home}/{action=Index}/{id?} for Route: {controller=Home}/{action=Index}/{id?} resulting in /Login/Register and  
2022-08-25 23:48:02.6316|Microsoft.AspNetCore.Routing.DefaultLinkGenerator|DEBUG|Link generation succeeded for endpoints Route: {controller=Home}/{action=Index}/{id?} with result /Login/Register 
2022-08-25 23:48:02.6316|Microsoft.AspNetCore.Routing.DefaultLinkGenerator|DEBUG|Found the endpoints Route: {controller=Home}/{action=Index}/{id?} for address Microsoft.AspNetCore.Routing.RouteValuesAddress 
2022-08-25 23:48:02.6316|Microsoft.AspNetCore.Routing.DefaultLinkGenerator|DEBUG|Successfully processed template {controller=Home}/{action=Index}/{id?} for Route: {controller=Home}/{action=Index}/{id?} resulting in /Account/GetUser and  
2022-08-25 23:48:02.6316|Microsoft.AspNetCore.Routing.DefaultLinkGenerator|DEBUG|Link generation succeeded for endpoints Route: {controller=Home}/{action=Index}/{id?} with result /Account/GetUser 
2022-08-25 23:48:02.6480|Microsoft.AspNetCore.Mvc.Razor.RazorViewEngine|DEBUG|View lookup cache miss for view '_Layout' in controller 'Home'. 
2022-08-25 23:48:02.6480|Microsoft.AspNetCore.Mvc.Razor.Compilation.DefaultViewCompiler|TRACE|Could not find a file for view at path '/Views/Home/_Layout.cshtml'. 
2022-08-25 23:48:02.6480|Microsoft.AspNetCore.Mvc.Razor.Compilation.DefaultViewCompiler|TRACE|Located compiled view for view at path '/Views/Shared/_Layout.cshtml'. 
2022-08-25 23:48:02.6666|Microsoft.AspNetCore.Routing.DefaultLinkGenerator|DEBUG|Found the endpoints Route: {controller=Home}/{action=Index}/{id?} for address Microsoft.AspNetCore.Routing.RouteValuesAddress 
2022-08-25 23:48:02.6666|Microsoft.AspNetCore.Routing.DefaultLinkGenerator|DEBUG|Successfully processed template {controller=Home}/{action=Index}/{id?} for Route: {controller=Home}/{action=Index}/{id?} resulting in  and  
2022-08-25 23:48:02.6666|Microsoft.AspNetCore.Routing.DefaultLinkGenerator|DEBUG|Link generation succeeded for endpoints Route: {controller=Home}/{action=Index}/{id?} with result / 
2022-08-25 23:48:02.6666|Microsoft.AspNetCore.Routing.DefaultLinkGenerator|DEBUG|Found the endpoints Route: {controller=Home}/{action=Index}/{id?} for address Microsoft.AspNetCore.Routing.RouteValuesAddress 
2022-08-25 23:48:02.6666|Microsoft.AspNetCore.Routing.DefaultLinkGenerator|DEBUG|Successfully processed template {controller=Home}/{action=Index}/{id?} for Route: {controller=Home}/{action=Index}/{id?} resulting in  and  
2022-08-25 23:48:02.6666|Microsoft.AspNetCore.Routing.DefaultLinkGenerator|DEBUG|Link generation succeeded for endpoints Route: {controller=Home}/{action=Index}/{id?} with result / 
2022-08-25 23:48:02.6666|Microsoft.AspNetCore.Routing.DefaultLinkGenerator|DEBUG|Found the endpoints Route: {controller=Home}/{action=Index}/{id?} for address Microsoft.AspNetCore.Routing.RouteValuesAddress 
2022-08-25 23:48:02.6666|Microsoft.AspNetCore.Routing.DefaultLinkGenerator|DEBUG|Successfully processed template {controller=Home}/{action=Index}/{id?} for Route: {controller=Home}/{action=Index}/{id?} resulting in /Home/Privacy and  
2022-08-25 23:48:02.6666|Microsoft.AspNetCore.Routing.DefaultLinkGenerator|DEBUG|Link generation succeeded for endpoints Route: {controller=Home}/{action=Index}/{id?} with result /Home/Privacy 
2022-08-25 23:48:02.8649|Microsoft.AspNetCore.Mvc.ViewFeatures.ViewResultExecutor|INFO|Executed ViewResult - view Index executed in 308.3506ms. 
2022-08-25 23:48:02.8649|Microsoft.AspNetCore.Mvc.Infrastructure.ControllerActionInvoker|TRACE|After executing action result Microsoft.AspNetCore.Mvc.ViewResult. 
2022-08-25 23:48:02.8649|Microsoft.AspNetCore.Mvc.Infrastructure.ControllerActionInvoker|TRACE|Result Filter: Before executing OnResultExecuted on filter Microsoft.AspNetCore.Mvc.ViewFeatures.Filters.SaveTempDataFilter. 
2022-08-25 23:48:02.8649|Microsoft.AspNetCore.Mvc.Infrastructure.ControllerActionInvoker|TRACE|Result Filter: After executing OnResultExecuted on filter Microsoft.AspNetCore.Mvc.ViewFeatures.Filters.SaveTempDataFilter. 
2022-08-25 23:48:02.8649|Microsoft.AspNetCore.Mvc.Infrastructure.ControllerActionInvoker|TRACE|Resource Filter: Before executing OnResourceExecuted on filter Microsoft.AspNetCore.Mvc.ViewFeatures.Filters.SaveTempDataFilter. 
2022-08-25 23:48:02.8649|Microsoft.AspNetCore.Mvc.Infrastructure.ControllerActionInvoker|TRACE|Resource Filter: After executing OnResourceExecuted on filter Microsoft.AspNetCore.Mvc.ViewFeatures.Filters.SaveTempDataFilter. 
2022-08-25 23:48:02.8649|Microsoft.AspNetCore.Mvc.Infrastructure.ControllerActionInvoker|INFO|Executed action Course_project.Controllers.HomeController.Index (Course_project) in 371.7619ms 
2022-08-25 23:48:02.8649|Microsoft.AspNetCore.Routing.EndpointMiddleware|INFO|Executed endpoint 'Course_project.Controllers.HomeController.Index (Course_project)' 
2022-08-25 23:48:02.8649|Microsoft.AspNetCore.Watch.BrowserRefresh.BrowserRefreshMiddleware|DEBUG|Response markup is scheduled to include browser refresh script injection. 
2022-08-25 23:48:02.8922|Microsoft.AspNetCore.Watch.BrowserRefresh.BrowserRefreshMiddleware|DEBUG|Response markup was updated to include browser refresh script injection. 
2022-08-25 23:48:02.8979|Microsoft.AspNetCore.Server.IIS.Core.IISHttpServer|DEBUG|Connection ID "18302628908719144962" disconnecting. 
2022-08-25 23:48:02.8979|Microsoft.AspNetCore.Hosting.Diagnostics|INFO|Request finished HTTP/2 GET https://localhost:44366/ - - - 200 - text/html;+charset=utf-8 512.5925ms 
2022-08-25 23:48:02.9459|Microsoft.AspNetCore.Hosting.Diagnostics|INFO|Request starting HTTP/2 GET https://localhost:44366/css/card.css - - 
2022-08-25 23:48:02.9459|Microsoft.AspNetCore.HostFiltering.HostFilteringMiddleware|TRACE|All hosts are allowed. 
2022-08-25 23:48:02.9459|Microsoft.AspNetCore.StaticFiles.StaticFileMiddleware|DEBUG|The request path /css/card.css does not match an existing file 
2022-08-25 23:48:02.9459|Microsoft.AspNetCore.Routing.Matching.DfaMatcher|DEBUG|No candidates found for the request path '/css/card.css' 
2022-08-25 23:48:02.9459|Microsoft.AspNetCore.Routing.EndpointRoutingMiddleware|DEBUG|Request did not match any endpoints 
2022-08-25 23:48:02.9459|Microsoft.AspNetCore.Server.IIS.Core.IISHttpServer|DEBUG|Connection ID "18374686481282236418" disconnecting. 
2022-08-25 23:48:02.9459|Microsoft.AspNetCore.Hosting.Diagnostics|INFO|Request finished HTTP/2 GET https://localhost:44366/css/card.css - - - 404 - - 4.6099ms 
2022-08-25 23:48:02.9675|Microsoft.AspNetCore.Hosting.Diagnostics|INFO|Request starting HTTP/2 GET https://localhost:44366/css/paragraph.css - - 
2022-08-25 23:48:02.9675|Microsoft.AspNetCore.HostFiltering.HostFilteringMiddleware|TRACE|All hosts are allowed. 
2022-08-25 23:48:02.9675|Microsoft.AspNetCore.StaticFiles.StaticFileMiddleware|DEBUG|The request path /css/paragraph.css does not match an existing file 
2022-08-25 23:48:02.9675|Microsoft.AspNetCore.Routing.Matching.DfaMatcher|DEBUG|No candidates found for the request path '/css/paragraph.css' 
2022-08-25 23:48:02.9675|Microsoft.AspNetCore.Routing.EndpointRoutingMiddleware|DEBUG|Request did not match any endpoints 
2022-08-25 23:48:02.9675|Microsoft.AspNetCore.Hosting.Diagnostics|INFO|Request finished HTTP/2 GET https://localhost:44366/css/paragraph.css - - - 404 - - 1.1471ms 
2022-08-25 23:48:02.9787|Microsoft.AspNetCore.Hosting.Diagnostics|INFO|Request starting HTTP/2 GET https://localhost:44366/_framework/aspnetcore-browser-refresh.js - - 
2022-08-25 23:48:02.9787|Microsoft.AspNetCore.Server.IIS.Core.IISHttpServer|DEBUG|Connection ID "18230571297501347843" disconnecting. 
2022-08-25 23:48:02.9787|Microsoft.AspNetCore.Hosting.Diagnostics|INFO|Request finished HTTP/2 GET https://localhost:44366/_framework/aspnetcore-browser-refresh.js - - - 200 11998 application/javascript;+charset=utf-8 2.6838ms 
2022-08-25 23:48:03.0324|Microsoft.AspNetCore.Hosting.Diagnostics|INFO|Request starting HTTP/2 GET https://localhost:44366/_vs/browserLink - - 
2022-08-25 23:48:03.0939|Microsoft.AspNetCore.Server.IIS.Core.IISHttpServer|DEBUG|Connection ID "18230571297501347845" disconnecting. 
2022-08-25 23:48:03.0939|Microsoft.AspNetCore.Hosting.Diagnostics|INFO|Request finished HTTP/2 GET https://localhost:44366/_vs/browserLink - - - 200 - text/javascript;+charset=UTF-8 61.6764ms 
