2022-09-07 22:27:21.6655|Course_project.Program|DEBUG|init main 
2022-09-07 22:27:23.6949|Microsoft.Extensions.Hosting.Internal.Host|DEBUG|Hosting starting 
2022-09-07 22:27:23.7888|Microsoft.AspNetCore.DataProtection.KeyManagement.XmlKeyManager|INFO|User profile is available. Using 'C:\Users\katiy\AppData\Local\ASP.NET\DataProtection-Keys' as key repository and Windows DPAPI to encrypt keys at rest. 
2022-09-07 22:27:23.7888|Microsoft.AspNetCore.DataProtection.Repositories.FileSystemXmlRepository|DEBUG|Reading data from file 'C:\Users\katiy\AppData\Local\ASP.NET\DataProtection-Keys\key-e6223948-3c1b-456e-b30d-1956394c278e.xml'. 
2022-09-07 22:27:23.8159|Microsoft.AspNetCore.DataProtection.KeyManagement.XmlKeyManager|DEBUG|Found key {e6223948-3c1b-456e-b30d-1956394c278e}. 
2022-09-07 22:27:23.8282|Microsoft.AspNetCore.DataProtection.KeyManagement.DefaultKeyResolver|DEBUG|Considering key {e6223948-3c1b-456e-b30d-1956394c278e} with expiration date 2022-10-27 12:44:34Z as default key. 
2022-09-07 22:27:23.9143|Microsoft.AspNetCore.DataProtection.TypeForwardingActivator|DEBUG|Forwarded activator type request from Microsoft.AspNetCore.DataProtection.XmlEncryption.DpapiXmlDecryptor, Microsoft.AspNetCore.DataProtection, Version=5.0.0.0, Culture=neutral, PublicKeyToken=adb9793829ddae60 to Microsoft.AspNetCore.DataProtection.XmlEncryption.DpapiXmlDecryptor, Microsoft.AspNetCore.DataProtection, Culture=neutral, PublicKeyToken=adb9793829ddae60 
2022-09-07 22:27:23.9143|Microsoft.AspNetCore.DataProtection.XmlEncryption.DpapiXmlDecryptor|DEBUG|Decrypting secret element using Windows DPAPI. 
2022-09-07 22:27:23.9143|Microsoft.AspNetCore.DataProtection.TypeForwardingActivator|DEBUG|Forwarded activator type request from Microsoft.AspNetCore.DataProtection.AuthenticatedEncryption.ConfigurationModel.AuthenticatedEncryptorDescriptorDeserializer, Microsoft.AspNetCore.DataProtection, Version=5.0.0.0, Culture=neutral, PublicKeyToken=adb9793829ddae60 to Microsoft.AspNetCore.DataProtection.AuthenticatedEncryption.ConfigurationModel.AuthenticatedEncryptorDescriptorDeserializer, Microsoft.AspNetCore.DataProtection, Culture=neutral, PublicKeyToken=adb9793829ddae60 
2022-09-07 22:27:23.9143|Microsoft.AspNetCore.DataProtection.AuthenticatedEncryption.CngCbcAuthenticatedEncryptorFactory|DEBUG|Opening CNG algorithm 'AES' from provider '(null)' with chaining mode CBC. 
2022-09-07 22:27:23.9143|Microsoft.AspNetCore.DataProtection.AuthenticatedEncryption.CngCbcAuthenticatedEncryptorFactory|DEBUG|Opening CNG algorithm 'SHA256' from provider '(null)' with HMAC. 
2022-09-07 22:27:23.9143|Microsoft.AspNetCore.DataProtection.KeyManagement.KeyRingProvider|DEBUG|Using key {e6223948-3c1b-456e-b30d-1956394c278e} as the default key. 
2022-09-07 22:27:23.9143|Microsoft.AspNetCore.DataProtection.Internal.DataProtectionHostedService|DEBUG|Key ring with default key {e6223948-3c1b-456e-b30d-1956394c278e} was loaded during application startup. 
2022-09-07 22:27:24.5718|Microsoft.AspNetCore.Hosting.Diagnostics|DEBUG|Loaded hosting startup assembly Course_project 
2022-09-07 22:27:24.5718|Microsoft.AspNetCore.Hosting.Diagnostics|DEBUG|Loaded hosting startup assembly Microsoft.AspNetCore.Watch.BrowserRefresh 
2022-09-07 22:27:24.5718|Microsoft.AspNetCore.Hosting.Diagnostics|DEBUG|Loaded hosting startup assembly Microsoft.WebTools.BrowserLink.Net 
2022-09-07 22:27:24.5718|Microsoft.Hosting.Lifetime|INFO|Application started. Press Ctrl+C to shut down. 
2022-09-07 22:27:24.5718|Microsoft.Hosting.Lifetime|INFO|Hosting environment: Development 
2022-09-07 22:27:24.5718|Microsoft.Hosting.Lifetime|INFO|Content root path: G:\Учёба\3 курс - 2 семестр\Проектирование_информ_систем\Практика\Course_project\Course_project 
2022-09-07 22:27:24.5718|Microsoft.Extensions.Hosting.Internal.Host|DEBUG|Hosting started 
2022-09-07 22:27:24.6331|Microsoft.AspNetCore.Hosting.Diagnostics|INFO|Request starting HTTP/2 GET https://localhost:44366/ - - 
2022-09-07 22:27:24.6713|Microsoft.AspNetCore.HostFiltering.HostFilteringMiddleware|DEBUG|Wildcard detected, all requests with hosts will be allowed. 
2022-09-07 22:27:24.6713|Microsoft.AspNetCore.HostFiltering.HostFilteringMiddleware|TRACE|All hosts are allowed. 
2022-09-07 22:27:24.6713|Microsoft.AspNetCore.StaticFiles.StaticFileMiddleware|DEBUG|The request path / does not match a supported file type 
2022-09-07 22:27:24.6966|Microsoft.AspNetCore.Routing.Matching.DfaMatcher|DEBUG|1 candidate(s) found for the request path '/' 
2022-09-07 22:27:24.6966|Microsoft.AspNetCore.Routing.Matching.DfaMatcher|DEBUG|Endpoint 'Course_project.Controllers.HomeController.Index (Course_project)' with route pattern '{controller=Home}/{action=Index}/{id?}' is valid for the request path '/' 
2022-09-07 22:27:24.6966|Microsoft.AspNetCore.Routing.EndpointRoutingMiddleware|DEBUG|Request matched endpoint 'Course_project.Controllers.HomeController.Index (Course_project)' 
2022-09-07 22:27:24.6966|Microsoft.AspNetCore.Routing.EndpointMiddleware|INFO|Executing endpoint 'Course_project.Controllers.HomeController.Index (Course_project)' 
2022-09-07 22:27:24.6966|Microsoft.AspNetCore.Mvc.ModelBinding.ModelBinderFactory|DEBUG|Registered model binder providers, in the following order: Microsoft.AspNetCore.Mvc.ModelBinding.Binders.BinderTypeModelBinderProvider, Microsoft.AspNetCore.Mvc.ModelBinding.Binders.ServicesModelBinderProvider, Microsoft.AspNetCore.Mvc.ModelBinding.Binders.BodyModelBinderProvider, Microsoft.AspNetCore.Mvc.ModelBinding.Binders.HeaderModelBinderProvider, Microsoft.AspNetCore.Mvc.ModelBinding.Binders.FloatingPointTypeModelBinderProvider, Microsoft.AspNetCore.Mvc.ModelBinding.Binders.EnumTypeModelBinderProvider, Microsoft.AspNetCore.Mvc.ModelBinding.Binders.DateTimeModelBinderProvider, Microsoft.AspNetCore.Mvc.ModelBinding.Binders.SimpleTypeModelBinderProvider, Microsoft.AspNetCore.Mvc.ModelBinding.Binders.CancellationTokenModelBinderProvider, Microsoft.AspNetCore.Mvc.ModelBinding.Binders.ByteArrayModelBinderProvider, Microsoft.AspNetCore.Mvc.ModelBinding.Binders.FormFileModelBinderProvider, Microsoft.AspNetCore.Mvc.ModelBinding.Binders.FormCollectionModelBinderProvider, Microsoft.AspNetCore.Mvc.ModelBinding.Binders.KeyValuePairModelBinderProvider, Microsoft.AspNetCore.Mvc.ModelBinding.Binders.DictionaryModelBinderProvider, Microsoft.AspNetCore.Mvc.ModelBinding.Binders.ArrayModelBinderProvider, Microsoft.AspNetCore.Mvc.ModelBinding.Binders.CollectionModelBinderProvider, Microsoft.AspNetCore.Mvc.ModelBinding.Binders.ComplexObjectModelBinderProvider 
2022-09-07 22:27:24.7402|Microsoft.AspNetCore.Mvc.Infrastructure.ControllerActionInvoker|INFO|Route matched with {action = "Index", controller = "Home"}. Executing controller action with signature Microsoft.AspNetCore.Mvc.IActionResult Index() on controller Course_project.Controllers.HomeController (Course_project). 
2022-09-07 22:27:24.7402|Microsoft.AspNetCore.Mvc.Infrastructure.ControllerActionInvoker|DEBUG|Execution plan of authorization filters (in the following order): None 
2022-09-07 22:27:24.7402|Microsoft.AspNetCore.Mvc.Infrastructure.ControllerActionInvoker|DEBUG|Execution plan of resource filters (in the following order): Microsoft.AspNetCore.Mvc.ViewFeatures.Filters.SaveTempDataFilter 
2022-09-07 22:27:24.7402|Microsoft.AspNetCore.Mvc.Infrastructure.ControllerActionInvoker|DEBUG|Execution plan of action filters (in the following order): Microsoft.AspNetCore.Mvc.Filters.ControllerActionFilter (Order: -2147483648), Microsoft.AspNetCore.Mvc.ModelBinding.UnsupportedContentTypeFilter (Order: -3000) 
2022-09-07 22:27:24.7402|Microsoft.AspNetCore.Mvc.Infrastructure.ControllerActionInvoker|DEBUG|Execution plan of exception filters (in the following order): None 
2022-09-07 22:27:24.7402|Microsoft.AspNetCore.Mvc.Infrastructure.ControllerActionInvoker|DEBUG|Execution plan of result filters (in the following order): Microsoft.AspNetCore.Mvc.ViewFeatures.Filters.SaveTempDataFilter 
2022-09-07 22:27:24.7402|Microsoft.AspNetCore.Mvc.Infrastructure.ControllerActionInvoker|TRACE|Resource Filter: Before executing OnResourceExecuting on filter Microsoft.AspNetCore.Mvc.ViewFeatures.Filters.SaveTempDataFilter. 
2022-09-07 22:27:24.7402|Microsoft.AspNetCore.Mvc.Infrastructure.ControllerActionInvoker|TRACE|Resource Filter: After executing OnResourceExecuting on filter Microsoft.AspNetCore.Mvc.ViewFeatures.Filters.SaveTempDataFilter. 
2022-09-07 22:27:24.7402|Microsoft.AspNetCore.Mvc.Infrastructure.ControllerActionInvoker|DEBUG|Executing controller factory for controller Course_project.Controllers.HomeController (Course_project) 
2022-09-07 22:27:25.2449|Microsoft.EntityFrameworkCore.Infrastructure|DEBUG|An 'IServiceProvider' was created for internal use by Entity Framework. 
2022-09-07 22:27:25.2862|Microsoft.AspNetCore.Mvc.Infrastructure.ControllerActionInvoker|DEBUG|Executed controller factory for controller Course_project.Controllers.HomeController (Course_project) 
2022-09-07 22:27:25.2862|Microsoft.AspNetCore.Mvc.Infrastructure.ControllerActionInvoker|TRACE|Action Filter: Before executing OnActionExecutionAsync on filter Microsoft.AspNetCore.Mvc.Filters.ControllerActionFilter. 
2022-09-07 22:27:25.2862|Microsoft.AspNetCore.Mvc.Infrastructure.ControllerActionInvoker|TRACE|Action Filter: Before executing OnActionExecuting on filter Microsoft.AspNetCore.Mvc.ModelBinding.UnsupportedContentTypeFilter. 
2022-09-07 22:27:25.2862|Microsoft.AspNetCore.Mvc.Infrastructure.ControllerActionInvoker|TRACE|Action Filter: After executing OnActionExecuting on filter Microsoft.AspNetCore.Mvc.ModelBinding.UnsupportedContentTypeFilter. 
2022-09-07 22:27:25.2862|Microsoft.AspNetCore.Mvc.Infrastructure.ControllerActionInvoker|INFO|Executing action method Course_project.Controllers.HomeController.Index (Course_project) - Validation state: Valid 
2022-09-07 22:27:25.2862|Microsoft.AspNetCore.Mvc.Infrastructure.ControllerActionInvoker|INFO|Executed action method Course_project.Controllers.HomeController.Index (Course_project), returned result Microsoft.AspNetCore.Mvc.ViewResult in 0.471ms. 
2022-09-07 22:27:25.2862|Microsoft.AspNetCore.Mvc.Infrastructure.ControllerActionInvoker|TRACE|Action Filter: Before executing OnActionExecuted on filter Microsoft.AspNetCore.Mvc.ModelBinding.UnsupportedContentTypeFilter. 
2022-09-07 22:27:25.2862|Microsoft.AspNetCore.Mvc.Infrastructure.ControllerActionInvoker|TRACE|Action Filter: After executing OnActionExecuted on filter Microsoft.AspNetCore.Mvc.ModelBinding.UnsupportedContentTypeFilter. 
2022-09-07 22:27:25.2862|Microsoft.AspNetCore.Mvc.Infrastructure.ControllerActionInvoker|TRACE|Action Filter: After executing OnActionExecutionAsync on filter Microsoft.AspNetCore.Mvc.Filters.ControllerActionFilter. 
2022-09-07 22:27:25.2862|Microsoft.AspNetCore.Mvc.Infrastructure.ControllerActionInvoker|TRACE|Result Filter: Before executing OnResultExecuting on filter Microsoft.AspNetCore.Mvc.ViewFeatures.Filters.SaveTempDataFilter. 
2022-09-07 22:27:25.2862|Microsoft.AspNetCore.Mvc.Infrastructure.ControllerActionInvoker|TRACE|Result Filter: After executing OnResultExecuting on filter Microsoft.AspNetCore.Mvc.ViewFeatures.Filters.SaveTempDataFilter. 
2022-09-07 22:27:25.2862|Microsoft.AspNetCore.Mvc.Infrastructure.ControllerActionInvoker|TRACE|Before executing action result Microsoft.AspNetCore.Mvc.ViewResult. 
2022-09-07 22:27:25.2862|Microsoft.AspNetCore.Mvc.Razor.Compilation.DefaultViewCompiler|DEBUG|Initializing Razor view compiler with compiled view: '/Views/Address/GetAddress.cshtml'. 
2022-09-07 22:27:25.2862|Microsoft.AspNetCore.Mvc.Razor.Compilation.DefaultViewCompiler|DEBUG|Initializing Razor view compiler with compiled view: '/Views/Address/GetAddresses.cshtml'. 
2022-09-07 22:27:25.2862|Microsoft.AspNetCore.Mvc.Razor.Compilation.DefaultViewCompiler|DEBUG|Initializing Razor view compiler with compiled view: '/Views/Car/GetCars.cshtml'. 
2022-09-07 22:27:25.2862|Microsoft.AspNetCore.Mvc.Razor.Compilation.DefaultViewCompiler|DEBUG|Initializing Razor view compiler with compiled view: '/Views/Home/Index.cshtml'. 
2022-09-07 22:27:25.2862|Microsoft.AspNetCore.Mvc.Razor.Compilation.DefaultViewCompiler|DEBUG|Initializing Razor view compiler with compiled view: '/Views/Home/Privacy.cshtml'. 
2022-09-07 22:27:25.2862|Microsoft.AspNetCore.Mvc.Razor.Compilation.DefaultViewCompiler|DEBUG|Initializing Razor view compiler with compiled view: '/Views/Shared/Error.cshtml'. 
2022-09-07 22:27:25.2862|Microsoft.AspNetCore.Mvc.Razor.Compilation.DefaultViewCompiler|DEBUG|Initializing Razor view compiler with compiled view: '/Views/Shared/_Layout.cshtml'. 
2022-09-07 22:27:25.2862|Microsoft.AspNetCore.Mvc.Razor.Compilation.DefaultViewCompiler|DEBUG|Initializing Razor view compiler with compiled view: '/Views/Shared/_ValidationScriptsPartial.cshtml'. 
2022-09-07 22:27:25.2862|Microsoft.AspNetCore.Mvc.Razor.Compilation.DefaultViewCompiler|DEBUG|Initializing Razor view compiler with compiled view: '/Views/_ViewImports.cshtml'. 
2022-09-07 22:27:25.2862|Microsoft.AspNetCore.Mvc.Razor.Compilation.DefaultViewCompiler|DEBUG|Initializing Razor view compiler with compiled view: '/Views/_ViewStart.cshtml'. 
2022-09-07 22:27:25.3041|Microsoft.AspNetCore.Mvc.Razor.RazorViewEngine|DEBUG|View lookup cache miss for view 'Index' in controller 'Home'. 
2022-09-07 22:27:25.3041|Microsoft.AspNetCore.Mvc.Razor.Compilation.DefaultViewCompiler|TRACE|Located compiled view for view at path '/Views/Home/Index.cshtml'. 
2022-09-07 22:27:25.3041|Microsoft.AspNetCore.Mvc.Razor.Compilation.DefaultViewCompiler|TRACE|Could not find a file for view at path '/Views/Home/_ViewStart.cshtml'. 
2022-09-07 22:27:25.3041|Microsoft.AspNetCore.Mvc.Razor.Compilation.DefaultViewCompiler|TRACE|Located compiled view for view at path '/Views/_ViewStart.cshtml'. 
2022-09-07 22:27:25.3041|Microsoft.AspNetCore.Mvc.Razor.Compilation.DefaultViewCompiler|TRACE|Could not find a file for view at path '/_ViewStart.cshtml'. 
2022-09-07 22:27:25.3041|Microsoft.AspNetCore.Mvc.ViewFeatures.ViewResultExecutor|INFO|Executing ViewResult, running view Index. 
2022-09-07 22:27:25.3041|Microsoft.AspNetCore.Mvc.ViewFeatures.ViewResultExecutor|DEBUG|The view path '/Views/Home/Index.cshtml' was found in 7.477ms. 
2022-09-07 22:27:25.3838|Microsoft.AspNetCore.Routing.DefaultLinkGenerator|DEBUG|Found the endpoints Route: {controller=Home}/{action=Index}/{id?} for address Microsoft.AspNetCore.Routing.RouteValuesAddress 
2022-09-07 22:27:25.3838|Microsoft.AspNetCore.Routing.DefaultLinkGenerator|DEBUG|Successfully processed template {controller=Home}/{action=Index}/{id?} for Route: {controller=Home}/{action=Index}/{id?} resulting in /Login/Register and  
2022-09-07 22:27:25.3838|Microsoft.AspNetCore.Routing.DefaultLinkGenerator|DEBUG|Link generation succeeded for endpoints Route: {controller=Home}/{action=Index}/{id?} with result /Login/Register 
2022-09-07 22:27:25.3958|Microsoft.AspNetCore.Routing.DefaultLinkGenerator|DEBUG|Found the endpoints Route: {controller=Home}/{action=Index}/{id?} for address Microsoft.AspNetCore.Routing.RouteValuesAddress 
2022-09-07 22:27:25.3958|Microsoft.AspNetCore.Routing.DefaultLinkGenerator|DEBUG|Successfully processed template {controller=Home}/{action=Index}/{id?} for Route: {controller=Home}/{action=Index}/{id?} resulting in /Account/GetUser and  
2022-09-07 22:27:25.3958|Microsoft.AspNetCore.Routing.DefaultLinkGenerator|DEBUG|Link generation succeeded for endpoints Route: {controller=Home}/{action=Index}/{id?} with result /Account/GetUser 
2022-09-07 22:27:25.3958|Microsoft.AspNetCore.Mvc.Razor.RazorViewEngine|DEBUG|View lookup cache miss for view '_Layout' in controller 'Home'. 
2022-09-07 22:27:25.3958|Microsoft.AspNetCore.Mvc.Razor.Compilation.DefaultViewCompiler|TRACE|Could not find a file for view at path '/Views/Home/_Layout.cshtml'. 
2022-09-07 22:27:25.3958|Microsoft.AspNetCore.Mvc.Razor.Compilation.DefaultViewCompiler|TRACE|Located compiled view for view at path '/Views/Shared/_Layout.cshtml'. 
2022-09-07 22:27:25.4198|Microsoft.AspNetCore.Routing.DefaultLinkGenerator|DEBUG|Found the endpoints Route: {controller=Home}/{action=Index}/{id?} for address Microsoft.AspNetCore.Routing.RouteValuesAddress 
2022-09-07 22:27:25.4198|Microsoft.AspNetCore.Routing.DefaultLinkGenerator|DEBUG|Successfully processed template {controller=Home}/{action=Index}/{id?} for Route: {controller=Home}/{action=Index}/{id?} resulting in  and  
2022-09-07 22:27:25.4198|Microsoft.AspNetCore.Routing.DefaultLinkGenerator|DEBUG|Link generation succeeded for endpoints Route: {controller=Home}/{action=Index}/{id?} with result / 
2022-09-07 22:27:25.4198|Microsoft.AspNetCore.Routing.DefaultLinkGenerator|DEBUG|Found the endpoints Route: {controller=Home}/{action=Index}/{id?} for address Microsoft.AspNetCore.Routing.RouteValuesAddress 
2022-09-07 22:27:25.4198|Microsoft.AspNetCore.Routing.DefaultLinkGenerator|DEBUG|Successfully processed template {controller=Home}/{action=Index}/{id?} for Route: {controller=Home}/{action=Index}/{id?} resulting in  and  
2022-09-07 22:27:25.4198|Microsoft.AspNetCore.Routing.DefaultLinkGenerator|DEBUG|Link generation succeeded for endpoints Route: {controller=Home}/{action=Index}/{id?} with result / 
2022-09-07 22:27:25.4198|Microsoft.AspNetCore.Routing.DefaultLinkGenerator|DEBUG|Found the endpoints Route: {controller=Home}/{action=Index}/{id?} for address Microsoft.AspNetCore.Routing.RouteValuesAddress 
2022-09-07 22:27:25.4198|Microsoft.AspNetCore.Routing.DefaultLinkGenerator|DEBUG|Successfully processed template {controller=Home}/{action=Index}/{id?} for Route: {controller=Home}/{action=Index}/{id?} resulting in /Home/Privacy and  
2022-09-07 22:27:25.4198|Microsoft.AspNetCore.Routing.DefaultLinkGenerator|DEBUG|Link generation succeeded for endpoints Route: {controller=Home}/{action=Index}/{id?} with result /Home/Privacy 
2022-09-07 22:27:25.5452|Microsoft.AspNetCore.Mvc.ViewFeatures.ViewResultExecutor|INFO|Executed ViewResult - view Index executed in 242.0623ms. 
2022-09-07 22:27:25.5452|Microsoft.AspNetCore.Mvc.Infrastructure.ControllerActionInvoker|TRACE|After executing action result Microsoft.AspNetCore.Mvc.ViewResult. 
2022-09-07 22:27:25.5452|Microsoft.AspNetCore.Mvc.Infrastructure.ControllerActionInvoker|TRACE|Result Filter: Before executing OnResultExecuted on filter Microsoft.AspNetCore.Mvc.ViewFeatures.Filters.SaveTempDataFilter. 
2022-09-07 22:27:25.5452|Microsoft.AspNetCore.Mvc.Infrastructure.ControllerActionInvoker|TRACE|Result Filter: After executing OnResultExecuted on filter Microsoft.AspNetCore.Mvc.ViewFeatures.Filters.SaveTempDataFilter. 
2022-09-07 22:27:25.5452|Microsoft.AspNetCore.Mvc.Infrastructure.ControllerActionInvoker|TRACE|Resource Filter: Before executing OnResourceExecuted on filter Microsoft.AspNetCore.Mvc.ViewFeatures.Filters.SaveTempDataFilter. 
2022-09-07 22:27:25.5452|Microsoft.AspNetCore.Mvc.Infrastructure.ControllerActionInvoker|TRACE|Resource Filter: After executing OnResourceExecuted on filter Microsoft.AspNetCore.Mvc.ViewFeatures.Filters.SaveTempDataFilter. 
2022-09-07 22:27:25.5452|Microsoft.AspNetCore.Mvc.Infrastructure.ControllerActionInvoker|INFO|Executed action Course_project.Controllers.HomeController.Index (Course_project) in 806.6586ms 
2022-09-07 22:27:25.5452|Microsoft.AspNetCore.Routing.EndpointMiddleware|INFO|Executed endpoint 'Course_project.Controllers.HomeController.Index (Course_project)' 
2022-09-07 22:27:25.5602|Microsoft.AspNetCore.Watch.BrowserRefresh.BrowserRefreshMiddleware|DEBUG|Response markup is scheduled to include browser refresh script injection. 
2022-09-07 22:27:25.5737|Microsoft.AspNetCore.Watch.BrowserRefresh.BrowserRefreshMiddleware|DEBUG|Response markup was updated to include browser refresh script injection. 
2022-09-07 22:27:25.5833|Microsoft.AspNetCore.Server.IIS.Core.IISHttpServer|DEBUG|Connection ID "18374686498462105605" disconnecting. 
2022-09-07 22:27:25.5833|Microsoft.AspNetCore.Hosting.Diagnostics|INFO|Request finished HTTP/2 GET https://localhost:44366/ - - - 200 - text/html;+charset=utf-8 952.6526ms 
2022-09-07 22:27:25.6401|Microsoft.AspNetCore.Hosting.Diagnostics|INFO|Request starting HTTP/2 GET https://localhost:44366/css/card.css - - 
2022-09-07 22:27:25.6401|Microsoft.AspNetCore.HostFiltering.HostFilteringMiddleware|TRACE|All hosts are allowed. 
2022-09-07 22:27:25.6401|Microsoft.AspNetCore.StaticFiles.StaticFileMiddleware|DEBUG|The request path /css/card.css does not match an existing file 
2022-09-07 22:27:25.6401|Microsoft.AspNetCore.Routing.Matching.DfaMatcher|DEBUG|No candidates found for the request path '/css/card.css' 
2022-09-07 22:27:25.6401|Microsoft.AspNetCore.Routing.EndpointRoutingMiddleware|DEBUG|Request did not match any endpoints 
2022-09-07 22:27:25.6401|Microsoft.AspNetCore.Hosting.Diagnostics|INFO|Request finished HTTP/2 GET https://localhost:44366/css/card.css - - - 404 - - 4.5518ms 
2022-09-07 22:27:25.6401|Microsoft.AspNetCore.Server.IIS.Core.IISHttpServer|DEBUG|Connection ID "18374686498462105607" disconnecting. 
2022-09-07 22:27:25.6642|Microsoft.AspNetCore.Hosting.Diagnostics|INFO|Request starting HTTP/2 GET https://localhost:44366/css/paragraph.css - - 
2022-09-07 22:27:25.6642|Microsoft.AspNetCore.HostFiltering.HostFilteringMiddleware|TRACE|All hosts are allowed. 
2022-09-07 22:27:25.6642|Microsoft.AspNetCore.StaticFiles.StaticFileMiddleware|DEBUG|The request path /css/paragraph.css does not match an existing file 
2022-09-07 22:27:25.6642|Microsoft.AspNetCore.Routing.Matching.DfaMatcher|DEBUG|No candidates found for the request path '/css/paragraph.css' 
2022-09-07 22:27:25.6642|Microsoft.AspNetCore.Routing.EndpointRoutingMiddleware|DEBUG|Request did not match any endpoints 
2022-09-07 22:27:25.6642|Microsoft.AspNetCore.Hosting.Diagnostics|INFO|Request finished HTTP/2 GET https://localhost:44366/css/paragraph.css - - - 404 - - 1.2290ms 
2022-09-07 22:27:25.6642|Microsoft.AspNetCore.Server.IIS.Core.IISHttpServer|DEBUG|Connection ID "18014398532567433217" disconnecting. 
2022-09-07 22:27:25.6642|Microsoft.AspNetCore.Hosting.Diagnostics|INFO|Request starting HTTP/2 GET https://localhost:44366/_framework/aspnetcore-browser-refresh.js - - 
2022-09-07 22:27:25.6772|Microsoft.AspNetCore.Server.IIS.Core.IISHttpServer|DEBUG|Connection ID "18374686481282236423" disconnecting. 
2022-09-07 22:27:25.6772|Microsoft.AspNetCore.Hosting.Diagnostics|INFO|Request finished HTTP/2 GET https://localhost:44366/_framework/aspnetcore-browser-refresh.js - - - 200 11998 application/javascript;+charset=utf-8 3.6717ms 
2022-09-07 22:27:25.8625|Microsoft.AspNetCore.Hosting.Diagnostics|INFO|Request starting HTTP/2 GET https://localhost:44366/_vs/browserLink - - 
2022-09-07 22:27:25.9275|Microsoft.AspNetCore.Server.IIS.Core.IISHttpServer|DEBUG|Connection ID "18086456118015426562" disconnecting. 
2022-09-07 22:27:25.9275|Microsoft.AspNetCore.Hosting.Diagnostics|INFO|Request finished HTTP/2 GET https://localhost:44366/_vs/browserLink - - - 200 - text/javascript;+charset=UTF-8 65.2204ms 
2022-09-07 22:28:27.0993|Microsoft.AspNetCore.Hosting.Diagnostics|INFO|Request starting HTTP/2 GET https://localhost:44366/Car/GetAddress - - 
2022-09-07 22:28:27.0993|Microsoft.AspNetCore.HostFiltering.HostFilteringMiddleware|TRACE|All hosts are allowed. 
2022-09-07 22:28:27.0993|Microsoft.AspNetCore.StaticFiles.StaticFileMiddleware|DEBUG|The request path /Car/GetAddress does not match a supported file type 
2022-09-07 22:28:27.0993|Microsoft.AspNetCore.Routing.Matching.DfaMatcher|DEBUG|No candidates found for the request path '/Car/GetAddress' 
2022-09-07 22:28:27.0993|Microsoft.AspNetCore.Routing.EndpointRoutingMiddleware|DEBUG|Request did not match any endpoints 
2022-09-07 22:28:27.0993|Microsoft.AspNetCore.Hosting.Diagnostics|INFO|Request finished HTTP/2 GET https://localhost:44366/Car/GetAddress - - - 404 - - 6.1341ms 
2022-09-07 22:28:27.0993|Microsoft.AspNetCore.Server.IIS.Core.IISHttpServer|DEBUG|Connection ID "17942340929939570691" disconnecting. 
2022-09-07 22:28:34.1350|Microsoft.AspNetCore.Hosting.Diagnostics|INFO|Request starting HTTP/2 GET https://localhost:44366/Car/GetCars - - 
2022-09-07 22:28:34.1350|Microsoft.AspNetCore.HostFiltering.HostFilteringMiddleware|TRACE|All hosts are allowed. 
2022-09-07 22:28:34.1350|Microsoft.AspNetCore.StaticFiles.StaticFileMiddleware|DEBUG|The request path /Car/GetCars does not match a supported file type 
2022-09-07 22:28:34.1350|Microsoft.AspNetCore.Routing.Matching.DfaMatcher|DEBUG|1 candidate(s) found for the request path '/Car/GetCars' 
2022-09-07 22:28:34.1350|Microsoft.AspNetCore.Routing.Matching.DfaMatcher|DEBUG|Endpoint 'Course_project.Controllers.CarController.GetCars (Course_project)' with route pattern '{controller=Home}/{action=Index}/{id?}' is valid for the request path '/Car/GetCars' 
2022-09-07 22:28:34.1350|Microsoft.AspNetCore.Routing.EndpointRoutingMiddleware|DEBUG|Request matched endpoint 'Course_project.Controllers.CarController.GetCars (Course_project)' 
2022-09-07 22:28:34.1350|Microsoft.AspNetCore.Routing.EndpointMiddleware|INFO|Executing endpoint 'Course_project.Controllers.CarController.GetCars (Course_project)' 
2022-09-07 22:28:34.1500|Microsoft.AspNetCore.Mvc.Infrastructure.ControllerActionInvoker|INFO|Route matched with {action = "GetCars", controller = "Car"}. Executing controller action with signature System.Threading.Tasks.Task`1[Microsoft.AspNetCore.Mvc.IActionResult] GetCars() on controller Course_project.Controllers.CarController (Course_project). 
2022-09-07 22:28:34.1500|Microsoft.AspNetCore.Mvc.Infrastructure.ControllerActionInvoker|DEBUG|Execution plan of authorization filters (in the following order): None 
2022-09-07 22:28:34.1500|Microsoft.AspNetCore.Mvc.Infrastructure.ControllerActionInvoker|DEBUG|Execution plan of resource filters (in the following order): Microsoft.AspNetCore.Mvc.ViewFeatures.Filters.SaveTempDataFilter 
2022-09-07 22:28:34.1500|Microsoft.AspNetCore.Mvc.Infrastructure.ControllerActionInvoker|DEBUG|Execution plan of action filters (in the following order): Microsoft.AspNetCore.Mvc.Filters.ControllerActionFilter (Order: -2147483648), Microsoft.AspNetCore.Mvc.ModelBinding.UnsupportedContentTypeFilter (Order: -3000) 
2022-09-07 22:28:34.1500|Microsoft.AspNetCore.Mvc.Infrastructure.ControllerActionInvoker|DEBUG|Execution plan of exception filters (in the following order): None 
2022-09-07 22:28:34.1500|Microsoft.AspNetCore.Mvc.Infrastructure.ControllerActionInvoker|DEBUG|Execution plan of result filters (in the following order): Microsoft.AspNetCore.Mvc.ViewFeatures.Filters.SaveTempDataFilter 
2022-09-07 22:28:34.1500|Microsoft.AspNetCore.Mvc.Infrastructure.ControllerActionInvoker|TRACE|Resource Filter: Before executing OnResourceExecuting on filter Microsoft.AspNetCore.Mvc.ViewFeatures.Filters.SaveTempDataFilter. 
2022-09-07 22:28:34.1500|Microsoft.AspNetCore.Mvc.Infrastructure.ControllerActionInvoker|TRACE|Resource Filter: After executing OnResourceExecuting on filter Microsoft.AspNetCore.Mvc.ViewFeatures.Filters.SaveTempDataFilter. 
2022-09-07 22:28:34.1500|Microsoft.AspNetCore.Mvc.Infrastructure.ControllerActionInvoker|DEBUG|Executing controller factory for controller Course_project.Controllers.CarController (Course_project) 
2022-09-07 22:28:34.1500|Microsoft.AspNetCore.Mvc.Infrastructure.ControllerActionInvoker|DEBUG|Executed controller factory for controller Course_project.Controllers.CarController (Course_project) 
2022-09-07 22:28:34.1500|Microsoft.AspNetCore.Mvc.Infrastructure.ControllerActionInvoker|TRACE|Action Filter: Before executing OnActionExecutionAsync on filter Microsoft.AspNetCore.Mvc.Filters.ControllerActionFilter. 
2022-09-07 22:28:34.1500|Microsoft.AspNetCore.Mvc.Infrastructure.ControllerActionInvoker|TRACE|Action Filter: Before executing OnActionExecuting on filter Microsoft.AspNetCore.Mvc.ModelBinding.UnsupportedContentTypeFilter. 
2022-09-07 22:28:34.1500|Microsoft.AspNetCore.Mvc.Infrastructure.ControllerActionInvoker|TRACE|Action Filter: After executing OnActionExecuting on filter Microsoft.AspNetCore.Mvc.ModelBinding.UnsupportedContentTypeFilter. 
2022-09-07 22:28:34.1500|Microsoft.AspNetCore.Mvc.Infrastructure.ControllerActionInvoker|INFO|Executing action method Course_project.Controllers.CarController.GetCars (Course_project) - Validation state: Valid 
2022-09-07 22:30:55.3283|Microsoft.EntityFrameworkCore.Model|DEBUG|The index {'FsuggentionId'} was not created on entity type 'CfWithCp' as the properties are already covered by the index {'FsuggentionId', 'PcontractId'}. 
2022-09-07 22:30:55.3283|Microsoft.EntityFrameworkCore.Model|DEBUG|The index {'WaybillId'} was not created on entity type 'WC' as the properties are already covered by the index {'WaybillId', 'CarId'}. 
2022-09-07 22:30:55.3283|Microsoft.EntityFrameworkCore.Model|DEBUG|The index {'WaybillId'} was not created on entity type 'WFc' as the properties are already covered by the index {'WaybillId', 'FsuggentionId'}. 
2022-09-07 22:30:55.3283|Microsoft.EntityFrameworkCore.Model|DEBUG|The index {'WaybillId'} was not created on entity type 'WPc' as the properties are already covered by the index {'WaybillId', 'PcontractId'}. 
2022-09-07 22:30:55.5047|Microsoft.EntityFrameworkCore.Infrastructure|INFO|Entity Framework Core 5.0.17 initialized 'Transport_DBContext' using provider 'Npgsql.EntityFrameworkCore.PostgreSQL' with options: None 
2022-09-07 22:30:55.5250|Microsoft.EntityFrameworkCore.Query|DEBUG|Compiling query expression: 
'DbSet<Car>()' 
2022-09-07 22:30:55.6636|Microsoft.EntityFrameworkCore.Query|DEBUG|Generated query execution expression: 
'queryContext => new SingleQueryingEnumerable<Car>(
    (RelationalQueryContext)queryContext, 
    RelationalCommandCache.SelectExpression(
        Projection Mapping:
            EmptyProjectionMember -> Dictionary<IProperty, int> { [Property: Car.CarId (int) Required PK AfterSave:Throw ValueGenerated.OnAdd, 0], [Property: Car.Brand (string) Required MaxLength(40), 1], [Property: Car.LiftingCapacity (short) Required ValueGenerated.OnAdd, 2], [Property: Car.Model (string) Required MaxLength(40), 3], [Property: Car.StartOperation (DateTime) Required, 4], [Property: Car.Status (StatusOfCar) Required ValueGenerated.OnAdd, 5], [Property: Car.Year (DateTime) Required, 6], }
        SELECT c.car_id, c.brand, c.lifting_capacity, c.model, c.start_operation, c.status, c.year
        FROM car AS c), 
    Func<QueryContext, DbDataReader, ResultContext, SingleQueryResultCoordinator, Car>, 
    Course_project.DAL.Transport_DBContext, 
    False, 
    False
)' 
2022-09-07 22:30:55.6928|Microsoft.EntityFrameworkCore.Database.Command|DEBUG|Creating DbCommand for 'ExecuteReader'. 
2022-09-07 22:30:55.7272|Microsoft.EntityFrameworkCore.Database.Command|DEBUG|Created DbCommand for 'ExecuteReader' (33ms). 
2022-09-07 22:30:55.7272|Microsoft.EntityFrameworkCore.Database.Connection|DEBUG|Opening connection to database 'Transport_DB' on server 'tcp://localhost:5432'. 
2022-09-07 22:30:56.5815|Microsoft.EntityFrameworkCore.Database.Connection|DEBUG|Opened connection to database 'Transport_DB' on server 'tcp://localhost:5432'. 
2022-09-07 22:30:56.5868|Microsoft.EntityFrameworkCore.Database.Command|DEBUG|Executing DbCommand [Parameters=[], CommandType='Text', CommandTimeout='30']
SELECT c.car_id, c.brand, c.lifting_capacity, c.model, c.start_operation, c.status, c.year
FROM car AS c 
2022-09-07 22:30:56.6556|Microsoft.EntityFrameworkCore.Database.Command|INFO|Executed DbCommand (69ms) [Parameters=[], CommandType='Text', CommandTimeout='30']
SELECT c.car_id, c.brand, c.lifting_capacity, c.model, c.start_operation, c.status, c.year
FROM car AS c 
2022-09-07 22:30:56.6802|Microsoft.EntityFrameworkCore.ChangeTracking|DEBUG|Context 'Transport_DBContext' started tracking 'Car' entity. Consider using 'DbContextOptionsBuilder.EnableSensitiveDataLogging' to see key values. 
2022-09-07 22:30:56.7099|Microsoft.EntityFrameworkCore.ChangeTracking|DEBUG|Context 'Transport_DBContext' started tracking 'Car' entity. Consider using 'DbContextOptionsBuilder.EnableSensitiveDataLogging' to see key values. 
2022-09-07 22:30:56.7099|Microsoft.EntityFrameworkCore.ChangeTracking|DEBUG|Context 'Transport_DBContext' started tracking 'Car' entity. Consider using 'DbContextOptionsBuilder.EnableSensitiveDataLogging' to see key values. 
2022-09-07 22:30:56.7099|Microsoft.EntityFrameworkCore.ChangeTracking|DEBUG|Context 'Transport_DBContext' started tracking 'Car' entity. Consider using 'DbContextOptionsBuilder.EnableSensitiveDataLogging' to see key values. 
2022-09-07 22:30:56.7099|Microsoft.EntityFrameworkCore.ChangeTracking|DEBUG|Context 'Transport_DBContext' started tracking 'Car' entity. Consider using 'DbContextOptionsBuilder.EnableSensitiveDataLogging' to see key values. 
2022-09-07 22:30:56.7099|Microsoft.EntityFrameworkCore.ChangeTracking|DEBUG|Context 'Transport_DBContext' started tracking 'Car' entity. Consider using 'DbContextOptionsBuilder.EnableSensitiveDataLogging' to see key values. 
2022-09-07 22:30:56.7099|Microsoft.EntityFrameworkCore.ChangeTracking|DEBUG|Context 'Transport_DBContext' started tracking 'Car' entity. Consider using 'DbContextOptionsBuilder.EnableSensitiveDataLogging' to see key values. 
2022-09-07 22:30:56.7099|Microsoft.EntityFrameworkCore.ChangeTracking|DEBUG|Context 'Transport_DBContext' started tracking 'Car' entity. Consider using 'DbContextOptionsBuilder.EnableSensitiveDataLogging' to see key values. 
2022-09-07 22:30:56.7099|Microsoft.EntityFrameworkCore.Database.Command|DEBUG|A data reader was disposed. 
2022-09-07 22:30:56.7099|Microsoft.EntityFrameworkCore.Database.Connection|DEBUG|Closing connection to database 'Transport_DB' on server 'tcp://localhost:5432'. 
2022-09-07 22:30:56.7099|Microsoft.EntityFrameworkCore.Database.Connection|DEBUG|Closed connection to database 'Transport_DB' on server 'tcp://localhost:5432'. 
2022-09-07 22:31:27.1604|Microsoft.AspNetCore.Mvc.Infrastructure.ControllerActionInvoker|INFO|Executed action method Course_project.Controllers.CarController.GetCars (Course_project), returned result Microsoft.AspNetCore.Mvc.ViewResult in 173009.6418ms. 
2022-09-07 22:31:27.1604|Microsoft.AspNetCore.Mvc.Infrastructure.ControllerActionInvoker|TRACE|Action Filter: Before executing OnActionExecuted on filter Microsoft.AspNetCore.Mvc.ModelBinding.UnsupportedContentTypeFilter. 
2022-09-07 22:31:27.1604|Microsoft.AspNetCore.Mvc.Infrastructure.ControllerActionInvoker|TRACE|Action Filter: After executing OnActionExecuted on filter Microsoft.AspNetCore.Mvc.ModelBinding.UnsupportedContentTypeFilter. 
2022-09-07 22:31:27.1604|Microsoft.AspNetCore.Mvc.Infrastructure.ControllerActionInvoker|TRACE|Action Filter: After executing OnActionExecutionAsync on filter Microsoft.AspNetCore.Mvc.Filters.ControllerActionFilter. 
2022-09-07 22:31:27.1604|Microsoft.AspNetCore.Mvc.Infrastructure.ControllerActionInvoker|TRACE|Result Filter: Before executing OnResultExecuting on filter Microsoft.AspNetCore.Mvc.ViewFeatures.Filters.SaveTempDataFilter. 
2022-09-07 22:31:27.1604|Microsoft.AspNetCore.Mvc.Infrastructure.ControllerActionInvoker|TRACE|Result Filter: After executing OnResultExecuting on filter Microsoft.AspNetCore.Mvc.ViewFeatures.Filters.SaveTempDataFilter. 
2022-09-07 22:31:27.1604|Microsoft.AspNetCore.Mvc.Infrastructure.ControllerActionInvoker|TRACE|Before executing action result Microsoft.AspNetCore.Mvc.ViewResult. 
2022-09-07 22:31:27.1604|Microsoft.AspNetCore.Mvc.Razor.RazorViewEngine|DEBUG|View lookup cache miss for view 'GetCars' in controller 'Car'. 
2022-09-07 22:31:27.1604|Microsoft.AspNetCore.Mvc.Razor.Compilation.DefaultViewCompiler|TRACE|Located compiled view for view at path '/Views/Car/GetCars.cshtml'. 
2022-09-07 22:31:27.1604|Microsoft.AspNetCore.Mvc.Razor.Compilation.DefaultViewCompiler|TRACE|Could not find a file for view at path '/Views/Car/_ViewStart.cshtml'. 
2022-09-07 22:31:27.1604|Microsoft.AspNetCore.Mvc.Razor.Compilation.DefaultViewCompiler|TRACE|Located compiled view for view at path '/Views/_ViewStart.cshtml'. 
2022-09-07 22:31:27.1604|Microsoft.AspNetCore.Mvc.Razor.Compilation.DefaultViewCompiler|TRACE|Could not find a file for view at path '/_ViewStart.cshtml'. 
2022-09-07 22:31:27.2504|Microsoft.AspNetCore.Mvc.ViewFeatures.ViewResultExecutor|INFO|Executing ViewResult, running view GetCars. 
2022-09-07 22:31:27.2504|Microsoft.AspNetCore.Mvc.ViewFeatures.ViewResultExecutor|DEBUG|The view path '/Views/Car/GetCars.cshtml' was found in 88.4854ms. 
2022-09-07 22:31:27.3721|Microsoft.AspNetCore.Mvc.Razor.RazorViewEngine|DEBUG|View lookup cache miss for view '_Layout' in controller 'Car'. 
2022-09-07 22:31:27.3721|Microsoft.AspNetCore.Mvc.Razor.Compilation.DefaultViewCompiler|TRACE|Could not find a file for view at path '/Views/Car/_Layout.cshtml'. 
2022-09-07 22:31:27.3721|Microsoft.AspNetCore.Mvc.Razor.Compilation.DefaultViewCompiler|TRACE|Located compiled view for view at path '/Views/Shared/_Layout.cshtml'. 
2022-09-07 22:31:27.3721|Microsoft.AspNetCore.Routing.DefaultLinkGenerator|DEBUG|Found the endpoints Route: {controller=Home}/{action=Index}/{id?} for address Microsoft.AspNetCore.Routing.RouteValuesAddress 
2022-09-07 22:31:27.3721|Microsoft.AspNetCore.Routing.DefaultLinkGenerator|DEBUG|Successfully processed template {controller=Home}/{action=Index}/{id?} for Route: {controller=Home}/{action=Index}/{id?} resulting in  and  
2022-09-07 22:31:27.3721|Microsoft.AspNetCore.Routing.DefaultLinkGenerator|DEBUG|Link generation succeeded for endpoints Route: {controller=Home}/{action=Index}/{id?} with result / 
2022-09-07 22:31:27.3721|Microsoft.AspNetCore.Routing.DefaultLinkGenerator|DEBUG|Found the endpoints Route: {controller=Home}/{action=Index}/{id?} for address Microsoft.AspNetCore.Routing.RouteValuesAddress 
2022-09-07 22:31:27.3721|Microsoft.AspNetCore.Routing.DefaultLinkGenerator|DEBUG|Successfully processed template {controller=Home}/{action=Index}/{id?} for Route: {controller=Home}/{action=Index}/{id?} resulting in  and  
2022-09-07 22:31:27.3721|Microsoft.AspNetCore.Routing.DefaultLinkGenerator|DEBUG|Link generation succeeded for endpoints Route: {controller=Home}/{action=Index}/{id?} with result / 
2022-09-07 22:31:27.3721|Microsoft.AspNetCore.Routing.DefaultLinkGenerator|DEBUG|Found the endpoints Route: {controller=Home}/{action=Index}/{id?} for address Microsoft.AspNetCore.Routing.RouteValuesAddress 
2022-09-07 22:31:27.3721|Microsoft.AspNetCore.Routing.DefaultLinkGenerator|DEBUG|Successfully processed template {controller=Home}/{action=Index}/{id?} for Route: {controller=Home}/{action=Index}/{id?} resulting in /Home/Privacy and  
2022-09-07 22:31:27.3721|Microsoft.AspNetCore.Routing.DefaultLinkGenerator|DEBUG|Link generation succeeded for endpoints Route: {controller=Home}/{action=Index}/{id?} with result /Home/Privacy 
2022-09-07 22:31:27.3957|Microsoft.AspNetCore.Mvc.ViewFeatures.ViewResultExecutor|INFO|Executed ViewResult - view GetCars executed in 233.6957ms. 
2022-09-07 22:31:27.4104|Microsoft.AspNetCore.Mvc.Infrastructure.ControllerActionInvoker|TRACE|After executing action result Microsoft.AspNetCore.Mvc.ViewResult. 
2022-09-07 22:31:27.4104|Microsoft.AspNetCore.Mvc.Infrastructure.ControllerActionInvoker|TRACE|Result Filter: Before executing OnResultExecuted on filter Microsoft.AspNetCore.Mvc.ViewFeatures.Filters.SaveTempDataFilter. 
2022-09-07 22:31:27.4104|Microsoft.AspNetCore.Mvc.Infrastructure.ControllerActionInvoker|TRACE|Result Filter: After executing OnResultExecuted on filter Microsoft.AspNetCore.Mvc.ViewFeatures.Filters.SaveTempDataFilter. 
2022-09-07 22:31:27.4104|Microsoft.AspNetCore.Mvc.Infrastructure.ControllerActionInvoker|TRACE|Resource Filter: Before executing OnResourceExecuted on filter Microsoft.AspNetCore.Mvc.ViewFeatures.Filters.SaveTempDataFilter. 
2022-09-07 22:31:27.4104|Microsoft.AspNetCore.Mvc.Infrastructure.ControllerActionInvoker|TRACE|Resource Filter: After executing OnResourceExecuted on filter Microsoft.AspNetCore.Mvc.ViewFeatures.Filters.SaveTempDataFilter. 
2022-09-07 22:31:27.4104|Microsoft.AspNetCore.Mvc.Infrastructure.ControllerActionInvoker|INFO|Executed action Course_project.Controllers.CarController.GetCars (Course_project) in 173261.0576ms 
2022-09-07 22:31:27.4104|Microsoft.AspNetCore.Routing.EndpointMiddleware|INFO|Executed endpoint 'Course_project.Controllers.CarController.GetCars (Course_project)' 
2022-09-07 22:31:27.4530|Microsoft.AspNetCore.Watch.BrowserRefresh.BrowserRefreshMiddleware|DEBUG|Response markup is scheduled to include browser refresh script injection. 
2022-09-07 22:31:27.4530|Microsoft.AspNetCore.Watch.BrowserRefresh.BrowserRefreshMiddleware|DEBUG|Response markup was updated to include browser refresh script injection. 
2022-09-07 22:31:27.4530|Microsoft.AspNetCore.Server.IIS.Core.IISHttpServer|DEBUG|Connection ID "18302628895834243073" disconnecting. 
2022-09-07 22:31:27.4530|Microsoft.EntityFrameworkCore.Infrastructure|DEBUG|'Transport_DBContext' disposed. 
2022-09-07 22:31:27.4530|Microsoft.AspNetCore.Hosting.Diagnostics|INFO|Request finished HTTP/2 GET https://localhost:44366/Car/GetCars - - - 200 - text/html;+charset=utf-8 173321.4887ms 
2022-09-07 22:31:27.5184|Microsoft.AspNetCore.Hosting.Diagnostics|INFO|Request starting HTTP/2 GET https://localhost:44366/css/paragraph.css - - 
2022-09-07 22:31:27.5184|Microsoft.AspNetCore.Hosting.Diagnostics|INFO|Request starting HTTP/2 GET https://localhost:44366/_vs/browserLink - - 
2022-09-07 22:31:27.5184|Microsoft.AspNetCore.Hosting.Diagnostics|INFO|Request starting HTTP/2 GET https://localhost:44366/_framework/aspnetcore-browser-refresh.js - - 
2022-09-07 22:31:27.5184|Microsoft.AspNetCore.HostFiltering.HostFilteringMiddleware|TRACE|All hosts are allowed. 
2022-09-07 22:31:27.5184|Microsoft.AspNetCore.StaticFiles.StaticFileMiddleware|DEBUG|The request path /css/paragraph.css does not match an existing file 
2022-09-07 22:31:27.5198|Microsoft.AspNetCore.Server.IIS.Core.IISHttpServer|DEBUG|Connection ID "17942340929939570693" disconnecting. 
2022-09-07 22:31:27.5198|Microsoft.AspNetCore.Hosting.Diagnostics|INFO|Request finished HTTP/2 GET https://localhost:44366/_framework/aspnetcore-browser-refresh.js - - - 200 11998 application/javascript;+charset=utf-8 2.1631ms 
2022-09-07 22:31:27.5198|Microsoft.AspNetCore.Hosting.Diagnostics|INFO|Request starting HTTP/2 GET https://localhost:44366/css/card.css - - 
2022-09-07 22:31:27.5198|Microsoft.AspNetCore.HostFiltering.HostFilteringMiddleware|TRACE|All hosts are allowed. 
2022-09-07 22:31:27.5198|Microsoft.AspNetCore.StaticFiles.StaticFileMiddleware|DEBUG|The request path /css/card.css does not match an existing file 
2022-09-07 22:31:27.5198|Microsoft.AspNetCore.Routing.Matching.DfaMatcher|DEBUG|No candidates found for the request path '/css/card.css' 
2022-09-07 22:31:27.5198|Microsoft.AspNetCore.Routing.EndpointRoutingMiddleware|DEBUG|Request did not match any endpoints 
2022-09-07 22:31:27.5198|Microsoft.AspNetCore.Hosting.Diagnostics|INFO|Request finished HTTP/2 GET https://localhost:44366/css/card.css - - - 404 - - 2.6312ms 
2022-09-07 22:31:27.5198|Microsoft.AspNetCore.Routing.Matching.DfaMatcher|DEBUG|No candidates found for the request path '/css/paragraph.css' 
2022-09-07 22:31:27.5198|Microsoft.AspNetCore.Routing.EndpointRoutingMiddleware|DEBUG|Request did not match any endpoints 
2022-09-07 22:31:27.5198|Microsoft.AspNetCore.Server.IIS.Core.IISHttpServer|DEBUG|Connection ID "18014398523977498627" disconnecting. 
2022-09-07 22:31:27.5198|Microsoft.AspNetCore.Hosting.Diagnostics|INFO|Request finished HTTP/2 GET https://localhost:44366/css/paragraph.css - - - 404 - - 6.0246ms 
2022-09-07 22:31:27.5509|Microsoft.AspNetCore.Server.IIS.Core.IISHttpServer|DEBUG|Connection ID "17870283335901642753" disconnecting. 
2022-09-07 22:31:27.5509|Microsoft.AspNetCore.Hosting.Diagnostics|INFO|Request finished HTTP/2 GET https://localhost:44366/_vs/browserLink - - - 200 - text/javascript;+charset=UTF-8 32.5904ms 
